#
# A fatal error has been detected by the Java Runtime Environment:
#
#  SIGSEGV (0xb) at pc=0x00007f9fe440ec8d, pid=18470, tid=140324274824960
#
# JRE version: OpenJDK Runtime Environment (8.0_45-b14) (build 1.8.0_45-internal-b14)
# Java VM: OpenJDK 64-Bit Server VM (25.45-b02 mixed mode linux-amd64 compressed oops)
# Problematic frame:
# V  [libjvm.so+0x89fc8d]  Monitor::wait(bool, long, bool)+0x29d
#
# Failed to write core dump. Core dumps have been disabled. To enable core dumping, try "ulimit -c unlimited" before starting Java again
#
# If you would like to submit a bug report, please visit:
#   http://bugreport.java.com/bugreport/crash.jsp
#

---------------  T H R E A D  ---------------

Current thread (0x00007f9fdc0ac000):  JavaThread "C2 CompilerThread0" daemon [_thread_blocked_trans, id=18486, stack(0x00007f9fca7de000,0x00007f9fca8df000)]

siginfo: si_signo: -896673216 (INVALID), si_code: -471607639 (unknown), si_errno: 32671

Registers:
RAX=0x00007f9fe592cc00, RBX=0x00007f9fdc007880, RCX=0x0000000000000000, RDX=0x00007f9fe4ad80d8
RSP=0x00007f9fca8ddd00, RBP=0x00007f9fca8ddd40, RSI=0x00007f9fdc0ac000, RDI=0x00007f9fdc007880
R8 =0x0000000000000001, R9 =0x0000000000000001, R10=0x00007f9fca8ddc50, R11=0x0000000000000206
R12=0x0000000000000000, R13=0x0000000000001388, R14=0x00007f9fdc0ac000, R15=0x00007f9fdc0ad7e0
RIP=0x00007f9fe440ec8d, EFLAGS=0x0000000000010206, CSGSFS=0x0000000000000033, ERR=0x0000000000000007
  TRAPNO=0x000000000000000e

Top of Stack: (sp=0x00007f9fca8ddd00)
0x00007f9fca8ddd00:   00007f9fca8dde00 00adb0d300000002
0x00007f9fca8ddd10:   00007f9fdc0ab8d0 00007f9fdc0ab8d0
0x00007f9fca8ddd20:   0000000000000000 00007f9fdc007880
0x00007f9fca8ddd30:   00007f9fca8dde00 00007f9fdc0acc40
0x00007f9fca8ddd40:   00007f9fca8ddd70 00007f9fe3ffcf62
0x00007f9fca8ddd50:   00007f9fdc0ac000 000000000ee03980
0x00007f9fca8ddd60:   00007f9fdc0ac000 00000000015761a0
0x00007f9fca8ddd70:   00007f9fca8dde70 00007f9fe40059f8
0x00007f9fca8ddd80:   00000000000003d8 00007f9fdc0acb08
0x00007f9fca8ddd90:   00007f9fdc0ac730 00007f9fdc0ac6e0
0x00007f9fca8ddda0:   00007f9fdc0ac720 00007f9fdc0aba70
0x00007f9fca8dddb0:   00007f9fca8dddcf 00007f9fdc0ab8d0
0x00007f9fca8dddc0:   00007f9fca8dde00 a161c5a5a7b7c300
0x00007f9fca8dddd0:   00007f9fcd1f5fd0 00000000352bdd18
0x00007f9fca8ddde0:   0000000000000100 00007f9fdc0a87a0
0x00007f9fca8dddf0:   0000000000000000 00007f9fdc0aba70
0x00007f9fca8dde00:   00007f9fdc0ac000 00007f9fdc0acb10
0x00007f9fca8dde10:   00007f9fdc0acb50 00007f9fdc0acb60
0x00007f9fca8dde20:   00007f9fdc0acc38 00000000000000d8
0x00007f9fca8dde30:   00007f9fca8ddea0 a161c5a5a7b7c300
0x00007f9fca8dde40:   00000000ed29d5bc 00007f9fdc0ac000
0x00007f9fca8dde50:   00007f9fca8ddea0 00007f9fdc0ac720
0x00007f9fca8dde60:   00007f9fdc0ac730 00007f9fdc0acb08
0x00007f9fca8dde70:   00007f9fca8ddf10 00007f9fe45a552a
0x00007f9fca8dde80:   00007f9fca8ddea0 00007f9fe4233dae
0x00007f9fca8dde90:   00007f9fdc0ac000 00000000000003d8
0x00007f9fca8ddea0:   00007f9fdc0ac000 00007f9fdc0acb10
0x00007f9fca8ddeb0:   00007f9fdc0acb50 00007f9fdc0acb60
0x00007f9fca8ddec0:   00007f9fdc0acc38 00000000000000d8
0x00007f9fca8dded0:   00007f9fdc0acd70 a161c5a5a7b7c300
0x00007f9fca8ddee0:   00007f9fca8ddf10 00007f9fdc0ad8d0
0x00007f9fca8ddef0:   00007f9fdc0ad7e0 00007f9fdc0ac000 

Instructions: (pc=0x00007f9fe440ec8d)
0x00007f9fe440ec6d:   0f 85 bd 00 00 00 48 8d 15 56 94 6c 00 4c 89 f0
0x00007f9fe440ec7d:   48 c1 e8 04 23 02 48 8d 15 4e 94 6c 00 48 03 02
0x00007f9fe440ec8d:   c7 00 01 00 00 00 48 8d 05 e2 db 6c 00 8b 00 85
0x00007f9fe440ec9d:   c0 74 08 4c 89 f7 e8 38 24 0e 00 41 c7 86 58 02 

Register to memory mapping:

RAX=0x00007f9fe592cc00 is an unknown value
RBX=0x00007f9fdc007880 is an unknown value
RCX=0x0000000000000000 is an unknown value
RDX=0x00007f9fe4ad80d8: <offset 0xf690d8> in /usr/lib/jvm/java-8-openjdk-amd64/jre/lib/amd64/server/libjvm.so at 0x00007f9fe3b6f000
RSP=0x00007f9fca8ddd00 is pointing into the stack for thread: 0x00007f9fdc0ac000
RBP=0x00007f9fca8ddd40 is pointing into the stack for thread: 0x00007f9fdc0ac000
RSI=0x00007f9fdc0ac000 is a thread
RDI=0x00007f9fdc007880 is an unknown value
R8 =0x0000000000000001 is an unknown value
R9 =0x0000000000000001 is an unknown value
R10=0x00007f9fca8ddc50 is pointing into the stack for thread: 0x00007f9fdc0ac000
R11=0x0000000000000206 is an unknown value
R12=0x0000000000000000 is an unknown value
R13=0x0000000000001388 is an unknown value
R14=0x00007f9fdc0ac000 is a thread
R15=0x00007f9fdc0ad7e0 is an unknown value


Stack: [0x00007f9fca7de000,0x00007f9fca8df000],  sp=0x00007f9fca8ddd00,  free space=1023k
Native frames: (J=compiled Java code, j=interpreted, Vv=VM code, C=native code)
V  [libjvm.so+0x89fc8d]  Monitor::wait(bool, long, bool)+0x29d
V  [libjvm.so+0x48df62]  CompileQueue::get()+0x152
V  [libjvm.so+0x4969f8]  CompileBroker::compiler_thread_loop()+0x188
V  [libjvm.so+0xa3652a]  JavaThread::thread_main_inner()+0x25a
V  [libjvm.so+0x8dd8a2]  java_start(Thread*)+0xf2
C  [libpthread.so.0+0x76aa]  start_thread+0xca


---------------  P R O C E S S  ---------------

Java Threads: ( => current thread )
  0x00007f9fdc1f5000 JavaThread "Thread-0" daemon [_thread_blocked, id=18491, stack(0x00007f9fca260000,0x00007f9fca361000)]
  0x00007f9fdc0b6800 JavaThread "Service Thread" daemon [_thread_blocked, id=18489, stack(0x00007f9fca4db000,0x00007f9fca5dc000)]
  0x00007f9fdc0b1000 JavaThread "C1 CompilerThread2" daemon [_thread_blocked, id=18488, stack(0x00007f9fca5dc000,0x00007f9fca6dd000)]
  0x00007f9fdc0af000 JavaThread "C2 CompilerThread1" daemon [_thread_blocked, id=18487, stack(0x00007f9fca6dd000,0x00007f9fca7de000)]
=>0x00007f9fdc0ac000 JavaThread "C2 CompilerThread0" daemon [_thread_blocked_trans, id=18486, stack(0x00007f9fca7de000,0x00007f9fca8df000)]
  0x00007f9fdc0aa000 JavaThread "Signal Dispatcher" daemon [_thread_blocked_trans, id=18485, stack(0x00007f9fca8df000,0x00007f9fca9e0000)]
  0x00007f9fdc07f800 JavaThread "Finalizer" daemon [_thread_blocked, id=18483, stack(0x00007f9fcaca9000,0x00007f9fcadaa000)]
  0x00007f9fdc07d000 JavaThread "Reference Handler" daemon [_thread_blocked, id=18482, stack(0x00007f9fcadaa000,0x00007f9fcaeab000)]

Other Threads:
  0x00007f9fdc078000 VMThread [stack: 0x00007f9fcaeab000,0x00007f9fcafac000] [id=18481]

VM state:synchronizing (normal execution)

VM Mutex/Monitor currently owned by a thread:  ([mutex/lock_event])
[0x00007f9fdc006d00] Safepoint_lock - owner thread: 0x00007f9fdc078000
[0x00007f9fdc006d80] Threads_lock - owner thread: 0x00007f9fdc078000
[0x00007f9fdc007280] Heap_lock - owner thread: 0x00007f9fdc00a800

Heap:
 PSYoungGen      total 17408K, used 9885K [0x00000000ed200000, 0x00000000ee500000, 0x0000000100000000)
  eden space 15360K, 64% used [0x00000000ed200000,0x00000000edba7610,0x00000000ee100000)
  from space 2048K, 0% used [0x00000000ee300000,0x00000000ee300000,0x00000000ee500000)
  to   space 2048K, 0% used [0x00000000ee100000,0x00000000ee100000,0x00000000ee300000)
 ParOldGen       total 39936K, used 0K [0x00000000c7600000, 0x00000000c9d00000, 0x00000000ed200000)
  object space 39936K, 0% used [0x00000000c7600000,0x00000000c7600000,0x00000000c9d00000)
 Metaspace       used 6849K, capacity 6928K, committed 7040K, reserved 1056768K
  class space    used 781K, capacity 816K, committed 896K, reserved 1048576K

Card table byte_map: [0x00007f9fe1d2c000,0x00007f9fe1ef2000] byte_map_base: 0x00007f9fe16f1000

Marking Bits: (ParMarkBitMap*) 0x00007f9fe4adbe80
 Begin Bits: [0x00007f9fcb3b0000, 0x00007f9fcc1d8000)
 End Bits:   [0x00007f9fcc1d8000, 0x00007f9fcd000000)

Polling page: 0x00007f9fe592d000

CodeCache: size=245760Kb used=2035Kb max_used=2053Kb free=243724Kb
 bounds [0x00007f9fcd000000, 0x00007f9fcd270000, 0x00007f9fdc000000]
 total_blobs=708 nmethods=405 adapters=219
 compilation: enabled

Compilation events (10 events):
Event: 0.890 Thread 0x00007f9fdc0b1000  404       3       com.sun.jna.NativeLibrary$2::accept (88 bytes)
Event: 0.892 Thread 0x00007f9fdc0ac000 nmethod 402 0x00007f9fcd1f8810 code [0x00007f9fcd1f8960, 0x00007f9fcd1f8bb8]
Event: 0.892 Thread 0x00007f9fdc0ac000  403       4       java.lang.StringBuilder::append (8 bytes)
Event: 0.892 Thread 0x00007f9fdc0b1000 nmethod 404 0x00007f9fcd1f6910 code [0x00007f9fcd1f6bc0, 0x00007f9fcd1f8028]
Event: 0.900 Thread 0x00007f9fdc0af000 nmethod 371 0x00007f9fcd1fe450 code [0x00007f9fcd1fe700, 0x00007f9fcd2011b0]
Event: 0.906 Thread 0x00007f9fdc0ac000 nmethod 403 0x00007f9fcd1f5fd0 code [0x00007f9fcd1f6140, 0x00007f9fcd1f6528]
Event: 0.914 Thread 0x00007f9fdc0b1000  405       3       sun.misc.URLClassPath$JarLoader::findResource (18 bytes)
Event: 0.914 Thread 0x00007f9fdc0b1000 nmethod 405 0x00007f9fcd1f5ad0 code [0x00007f9fcd1f5c60, 0x00007f9fcd1f5ef8]
Event: 0.916 Thread 0x00007f9fdc0b1000  406       1       java.nio.Buffer::position (5 bytes)
Event: 0.916 Thread 0x00007f9fdc0b1000 nmethod 406 0x00007f9fcd1fe190 code [0x00007f9fcd1fe2e0, 0x00007f9fcd1fe3f0]

GC Heap History (0 events):
No events

Deoptimization events (1 events):
Event: 0.712 Thread 0x00007f9fdc00a800 Uncommon trap: reason=unstable_if action=reinterpret pc=0x00007f9fcd1c44ac method=java.io.BufferedReader.read()I @ 19

Internal exceptions (10 events):
Event: 0.590 Thread 0x00007f9fdc00a800 Exception <a 'java/lang/ArrayIndexOutOfBoundsException'> (0x00000000ed738da8) thrown at [/build/buildd/openjdk-8-8u45-b14/src/hotspot/src/share/vm/runtime/sharedRuntime.cpp, line 605]
Event: 0.608 Thread 0x00007f9fdc00a800 Exception <a 'java/lang/ArrayIndexOutOfBoundsException'> (0x00000000ed760360) thrown at [/build/buildd/openjdk-8-8u45-b14/src/hotspot/src/share/vm/runtime/sharedRuntime.cpp, line 605]
Event: 0.608 Thread 0x00007f9fdc00a800 Exception <a 'java/lang/ArrayIndexOutOfBoundsException'> (0x00000000ed761518) thrown at [/build/buildd/openjdk-8-8u45-b14/src/hotspot/src/share/vm/runtime/sharedRuntime.cpp, line 605]
Event: 0.609 Thread 0x00007f9fdc00a800 Exception <a 'java/lang/ArrayIndexOutOfBoundsException'> (0x00000000ed762a00) thrown at [/build/buildd/openjdk-8-8u45-b14/src/hotspot/src/share/vm/runtime/sharedRuntime.cpp, line 605]
Event: 0.627 Thread 0x00007f9fdc00a800 Exception <a 'java/lang/ArrayIndexOutOfBoundsException'> (0x00000000ed788f58) thrown at [/build/buildd/openjdk-8-8u45-b14/src/hotspot/src/share/vm/runtime/sharedRuntime.cpp, line 605]
Event: 0.648 Thread 0x00007f9fdc00a800 Exception <a 'java/lang/ArrayIndexOutOfBoundsException'> (0x00000000ed798f18) thrown at [/build/buildd/openjdk-8-8u45-b14/src/hotspot/src/share/vm/runtime/sharedRuntime.cpp, line 605]
Event: 0.779 Thread 0x00007f9fdc00a800 Exception <a 'java/lang/NoClassDefFoundError': oracle/security/pki/OraclePKIProvider> (0x00000000ed915040) thrown at [/build/buildd/openjdk-8-8u45-b14/src/hotspot/src/share/vm/classfile/systemDictionary.cpp, line 199]
Event: 0.849 Thread 0x00007f9fdc00a800 Exception <a 'java/lang/UnsatisfiedLinkError': libgprom.so: cannot open shared object file: No such file or directory> (0x00000000eda34280) thrown at [/build/buildd/openjdk-8-8u45-b14/src/hotspot/src/share/vm/prims/jni.cpp, line 735]
Event: 0.849 Thread 0x00007f9fdc00a800 Exception <a 'java/lang/UnsatisfiedLinkError': libgprom.so: cannot open shared object file: No such file or directory> (0x00000000eda352f8) thrown at [/build/buildd/openjdk-8-8u45-b14/src/hotspot/src/share/vm/prims/jni.cpp, line 735]
Event: 0.914 Thread 0x00007f9fdc00a800 Exception <a 'java/lang/UnsatisfiedLinkError'> (0x00000000edaf6ae0) thrown at [/build/buildd/openjdk-8-8u45-b14/src/hotspot/src/share/vm/oops/instanceKlass.cpp, line 938]

Events (10 events):
Event: 0.915 loading class java/lang/Throwable$WrappedPrintStream done
Event: 0.917 Thread 0x00007f9fdc00a800 Thread exited: 0x00007f9fdc00a800
Event: 0.917 Thread 0x00007f9fdc00a800 Thread added: 0x00007f9fdc00a800
Event: 0.917 loading class java/util/IdentityHashMap$KeyIterator
Event: 0.917 loading class java/util/IdentityHashMap$IdentityHashMapIterator
Event: 0.917 loading class java/util/IdentityHashMap$IdentityHashMapIterator done
Event: 0.917 loading class java/util/IdentityHashMap$KeyIterator done
Event: 0.918 Thread 0x00007f9fdc2e2800 Thread added: 0x00007f9fdc2e2800
Event: 0.919 Thread 0x00007f9fdc2e2800 Thread exited: 0x00007f9fdc2e2800
Event: 0.919 Thread 0x00007f9fdc00a800 Thread exited: 0x00007f9fdc00a800


Dynamic libraries:
00400000-00401000 r-xp 00000000 08:05 12983873                           /usr/lib/jvm/java-8-openjdk-amd64/jre/bin/java
00600000-00601000 r--p 00000000 08:05 12983873                           /usr/lib/jvm/java-8-openjdk-amd64/jre/bin/java
00601000-00602000 rw-p 00001000 08:05 12983873                           /usr/lib/jvm/java-8-openjdk-amd64/jre/bin/java
01574000-01595000 rw-p 00000000 00:00 0                                  [heap]
c7600000-c9d00000 rw-p 00000000 00:00 0 
c9d00000-ed200000 ---p 00000000 00:00 0 
ed200000-ee500000 rw-p 00000000 00:00 0 
ee500000-100000000 ---p 00000000 00:00 0 
100000000-1000e0000 rw-p 00000000 00:00 0 
1000e0000-140000000 ---p 00000000 00:00 0 
7f9f84000000-7f9f84021000 rw-p 00000000 00:00 0 
7f9f84021000-7f9f88000000 ---p 00000000 00:00 0 
7f9f88000000-7f9f88021000 rw-p 00000000 00:00 0 
7f9f88021000-7f9f8c000000 ---p 00000000 00:00 0 
7f9f8c000000-7f9f8c021000 rw-p 00000000 00:00 0 
7f9f8c021000-7f9f90000000 ---p 00000000 00:00 0 
7f9f90000000-7f9f90021000 rw-p 00000000 00:00 0 
7f9f90021000-7f9f94000000 ---p 00000000 00:00 0 
7f9f94000000-7f9f942d4000 rw-p 00000000 00:00 0 
7f9f942d4000-7f9f98000000 ---p 00000000 00:00 0 
7f9f98000000-7f9f981eb000 rw-p 00000000 00:00 0 
7f9f981eb000-7f9f9c000000 ---p 00000000 00:00 0 
7f9f9c000000-7f9f9c021000 rw-p 00000000 00:00 0 
7f9f9c021000-7f9fa0000000 ---p 00000000 00:00 0 
7f9fa0000000-7f9fa03cf000 rw-p 00000000 00:00 0 
7f9fa03cf000-7f9fa4000000 ---p 00000000 00:00 0 
7f9fa4000000-7f9fa4021000 rw-p 00000000 00:00 0 
7f9fa4021000-7f9fa8000000 ---p 00000000 00:00 0 
7f9fa8000000-7f9fa8021000 rw-p 00000000 00:00 0 
7f9fa8021000-7f9fac000000 ---p 00000000 00:00 0 
7f9fac000000-7f9fac021000 rw-p 00000000 00:00 0 
7f9fac021000-7f9fb0000000 ---p 00000000 00:00 0 
7f9fb0000000-7f9fb0021000 rw-p 00000000 00:00 0 
7f9fb0021000-7f9fb4000000 ---p 00000000 00:00 0 
7f9fb4000000-7f9fb4021000 rw-p 00000000 00:00 0 
7f9fb4021000-7f9fb8000000 ---p 00000000 00:00 0 
7f9fbc000000-7f9fbc021000 rw-p 00000000 00:00 0 
7f9fbc021000-7f9fc0000000 ---p 00000000 00:00 0 
7f9fc4000000-7f9fc4021000 rw-p 00000000 00:00 0 
7f9fc4021000-7f9fc8000000 ---p 00000000 00:00 0 
7f9fc970d000-7f9fc9710000 ---p 00000000 00:00 0 
7f9fc9710000-7f9fc980e000 rw-p 00000000 00:00 0 
7f9fc980e000-7f9fc981f000 r-xp 00000000 08:05 12983815                   /usr/lib/jvm/java-8-openjdk-amd64/jre/lib/amd64/libnio.so
7f9fc981f000-7f9fc9a1e000 ---p 00011000 08:05 12983815                   /usr/lib/jvm/java-8-openjdk-amd64/jre/lib/amd64/libnio.so
7f9fc9a1e000-7f9fc9a1f000 r--p 00010000 08:05 12983815                   /usr/lib/jvm/java-8-openjdk-amd64/jre/lib/amd64/libnio.so
7f9fc9a1f000-7f9fc9a20000 rw-p 00011000 08:05 12983815                   /usr/lib/jvm/java-8-openjdk-amd64/jre/lib/amd64/libnio.so
7f9fc9a20000-7f9fc9d21000 rw-p 00000000 00:00 0 
7f9fc9d21000-7f9fc9d38000 r-xp 00000000 08:05 12983796                   /usr/lib/jvm/java-8-openjdk-amd64/jre/lib/amd64/libnet.so
7f9fc9d38000-7f9fc9f37000 ---p 00017000 08:05 12983796                   /usr/lib/jvm/java-8-openjdk-amd64/jre/lib/amd64/libnet.so
7f9fc9f37000-7f9fc9f38000 r--p 00016000 08:05 12983796                   /usr/lib/jvm/java-8-openjdk-amd64/jre/lib/amd64/libnet.so
7f9fc9f38000-7f9fc9f39000 rw-p 00017000 08:05 12983796                   /usr/lib/jvm/java-8-openjdk-amd64/jre/lib/amd64/libnet.so
7f9fc9f39000-7f9fc9f42000 r-xp 00000000 08:05 12983595                   /usr/lib/jvm/java-8-openjdk-amd64/jre/lib/amd64/libmanagement.so
7f9fc9f42000-7f9fca141000 ---p 00009000 08:05 12983595                   /usr/lib/jvm/java-8-openjdk-amd64/jre/lib/amd64/libmanagement.so
7f9fca141000-7f9fca142000 r--p 00008000 08:05 12983595                   /usr/lib/jvm/java-8-openjdk-amd64/jre/lib/amd64/libmanagement.so
7f9fca142000-7f9fca143000 rw-p 00009000 08:05 12983595                   /usr/lib/jvm/java-8-openjdk-amd64/jre/lib/amd64/libmanagement.so
7f9fca143000-7f9fca15a000 r-xp 00000000 08:05 8782015                    /tmp/jna-1195761143/jna201752752790565298.tmp (deleted)
7f9fca15a000-7f9fca259000 ---p 00017000 08:05 8782015                    /tmp/jna-1195761143/jna201752752790565298.tmp (deleted)
7f9fca259000-7f9fca25b000 rw-p 00016000 08:05 8782015                    /tmp/jna-1195761143/jna201752752790565298.tmp (deleted)
7f9fca25b000-7f9fca260000 r--s 00094000 08:05 12983825                   /usr/lib/jvm/java-8-openjdk-amd64/jre/lib/jsse.jar
7f9fca260000-7f9fca263000 ---p 00000000 00:00 0 
7f9fca263000-7f9fca361000 rw-p 00000000 00:00 0                          [stack:18491]
7f9fca361000-7f9fca363000 r--s 00015000 08:05 5505042                    /home/selithey/workspace1/provenance-rewriter-prototype/ant/one-jar-ant-task-0.97.jar
7f9fca363000-7f9fca36a000 r--s 0006a000 08:05 5505212                    /home/selithey/workspace1/provenance-rewriter-prototype/javalib/jnaerator-0.12.jar
7f9fca36a000-7f9fca36d000 r--s 000a7000 08:05 5506205                    /home/selithey/workspace1/provenance-rewriter-prototype/jdbcbuild/gpromjdbc.jar
7f9fca36d000-7f9fca374000 r--s 00059000 08:05 5506109                    /home/selithey/workspace1/provenance-rewriter-prototype/jdbcbuild/lib/log4j-1.2.15.jar
7f9fca374000-7f9fca379000 r--s 0005d000 08:05 5506112                    /home/selithey/workspace1/provenance-rewriter-prototype/jdbcbuild/lib/postgresql-8.1-404.jdbc3.jar
7f9fca379000-7f9fca382000 r--s 000a4000 08:05 5506106                    /home/selithey/workspace1/provenance-rewriter-prototype/jdbcbuild/lib/hsqldb.jar
7f9fca382000-7f9fca386000 r--s 000af000 08:05 5506278                    /home/selithey/workspace1/provenance-rewriter-prototype/build/gprom-jdbc-test.jar
7f9fca386000-7f9fca38a000 r--s 00053000 08:05 5505250                    /home/selithey/workspace1/provenance-rewriter-prototype/javatestlib/postgresql-8.0-317.jdbc3.jar
7f9fca38a000-7f9fca390000 r--s 0002b000 08:05 5505249                    /home/selithey/workspace1/provenance-rewriter-prototype/javatestlib/junit-4.5.jar
7f9fca390000-7f9fca398000 r--s 00058000 08:05 5505248                    /home/selithey/workspace1/provenance-rewriter-prototype/javatestlib/dbunit.jar
7f9fca398000-7f9fca3bf000 r--s 00361000 08:05 5505215                    /home/selithey/workspace1/provenance-rewriter-prototype/javalib/ojdbc7.jar
7f9fca3bf000-7f9fca3c3000 r--s 000dc000 08:05 5505211                    /home/selithey/workspace1/provenance-rewriter-prototype/javalib/jna-4.1.0.jar
7f9fca3c3000-7f9fca3c8000 r--s 0005d000 08:05 5505216                    /home/selithey/workspace1/provenance-rewriter-prototype/javalib/postgresql-8.1-404.jdbc3.jar
7f9fca3c8000-7f9fca3cf000 r--s 00059000 08:05 5505213                    /home/selithey/workspace1/provenance-rewriter-prototype/javalib/log4j-1.2.15.jar
7f9fca3cf000-7f9fca3da000 r--s 00116000 08:05 12983835                   /usr/lib/jvm/java-8-openjdk-amd64/jre/lib/ext/localedata.jar
7f9fca3da000-7f9fca3db000 ---p 00000000 00:00 0 
7f9fca3db000-7f9fca4db000 rw-p 00000000 00:00 0 
7f9fca4db000-7f9fca4de000 ---p 00000000 00:00 0 
7f9fca4de000-7f9fca5dc000 rw-p 00000000 00:00 0                          [stack:18489]
7f9fca5dc000-7f9fca5df000 ---p 00000000 00:00 0 
7f9fca5df000-7f9fca6dd000 rw-p 00000000 00:00 0                          [stack:18488]
7f9fca6dd000-7f9fca6e0000 ---p 00000000 00:00 0 
7f9fca6e0000-7f9fca7de000 rw-p 00000000 00:00 0                          [stack:18487]
7f9fca7de000-7f9fca7e1000 ---p 00000000 00:00 0 
7f9fca7e1000-7f9fca8df000 rw-p 00000000 00:00 0                          [stack:18486]
7f9fca8df000-7f9fca8e2000 ---p 00000000 00:00 0 
7f9fca8e2000-7f9fca9e0000 rw-p 00000000 00:00 0                          [stack:18485]
7f9fca9e0000-7f9fcaca9000 r--p 00000000 08:05 12978762                   /usr/lib/locale/locale-archive
7f9fcaca9000-7f9fcacac000 ---p 00000000 00:00 0 
7f9fcacac000-7f9fcadaa000 rw-p 00000000 00:00 0                          [stack:18483]
7f9fcadaa000-7f9fcadad000 ---p 00000000 00:00 0 
7f9fcadad000-7f9fcaeab000 rw-p 00000000 00:00 0                          [stack:18482]
7f9fcaeab000-7f9fcaeac000 ---p 00000000 00:00 0 
7f9fcaeac000-7f9fcd000000 rw-p 00000000 00:00 0                          [stack:18481]
7f9fcd000000-7f9fcd270000 rwxp 00000000 00:00 0 
7f9fcd270000-7f9fdc000000 ---p 00000000 00:00 0 
7f9fdc000000-7f9fdc411000 rw-p 00000000 00:00 0 
7f9fdc411000-7f9fe0000000 ---p 00000000 00:00 0 
7f9fe0000000-7f9fe0001000 rw-p 00000000 00:00 0 
7f9fe0001000-7f9fe001d000 r--s 00393000 08:05 12983832                   /usr/lib/jvm/java-8-openjdk-amd64/jre/lib/ext/cldrdata.jar
7f9fe001d000-7f9fe0037000 r--s 001d3000 08:05 12983833                   /usr/lib/jvm/java-8-openjdk-amd64/jre/lib/ext/nashorn.jar
7f9fe0037000-7f9fe0bf2000 rw-p 00000000 00:00 0 
7f9fe0bf2000-7f9fe0dbf000 r--s 03bd3000 08:05 12983858                   /usr/lib/jvm/java-8-openjdk-amd64/jre/lib/rt.jar
7f9fe0dbf000-7f9fe1435000 rw-p 00000000 00:00 0 
7f9fe1435000-7f9fe1635000 ---p 00000000 00:00 0 
7f9fe1635000-7f9fe17fa000 rw-p 00000000 00:00 0 
7f9fe17fa000-7f9fe17fb000 ---p 00000000 00:00 0 
7f9fe17fb000-7f9fe18fb000 rw-p 00000000 00:00 0                          [stack:18478]
7f9fe18fb000-7f9fe18fc000 ---p 00000000 00:00 0 
7f9fe18fc000-7f9fe19fc000 rw-p 00000000 00:00 0                          [stack:18475]
7f9fe19fc000-7f9fe19fd000 ---p 00000000 00:00 0 
7f9fe19fd000-7f9fe1afd000 rw-p 00000000 00:00 0                          [stack:18474]
7f9fe1afd000-7f9fe1afe000 ---p 00000000 00:00 0 
7f9fe1afe000-7f9fe1c12000 rw-p 00000000 00:00 0                          [stack:18473]
7f9fe1c12000-7f9fe1d2c000 ---p 00000000 00:00 0 
7f9fe1d2c000-7f9fe1d40000 rw-p 00000000 00:00 0 
7f9fe1d40000-7f9fe1e5a000 ---p 00000000 00:00 0 
7f9fe1e5a000-7f9fe1e64000 rw-p 00000000 00:00 0 
7f9fe1e64000-7f9fe1ef1000 ---p 00000000 00:00 0 
7f9fe1ef1000-7f9fe1efc000 rw-p 00000000 00:00 0 
7f9fe1efc000-7f9fe22b2000 ---p 00000000 00:00 0 
7f9fe22b2000-7f9fe22ba000 r-xp 00000000 08:05 12983597                   /usr/lib/jvm/java-8-openjdk-amd64/jre/lib/amd64/libzip.so
7f9fe22ba000-7f9fe24b9000 ---p 00008000 08:05 12983597                   /usr/lib/jvm/java-8-openjdk-amd64/jre/lib/amd64/libzip.so
7f9fe24b9000-7f9fe24ba000 r--p 00007000 08:05 12983597                   /usr/lib/jvm/java-8-openjdk-amd64/jre/lib/amd64/libzip.so
7f9fe24ba000-7f9fe24bb000 rw-p 00008000 08:05 12983597                   /usr/lib/jvm/java-8-openjdk-amd64/jre/lib/amd64/libzip.so
7f9fe24bb000-7f9fe24c7000 r-xp 00000000 08:05 12587191                   /lib/x86_64-linux-gnu/libnss_files-2.21.so
7f9fe24c7000-7f9fe26c6000 ---p 0000c000 08:05 12587191                   /lib/x86_64-linux-gnu/libnss_files-2.21.so
7f9fe26c6000-7f9fe26c7000 r--p 0000b000 08:05 12587191                   /lib/x86_64-linux-gnu/libnss_files-2.21.so
7f9fe26c7000-7f9fe26c8000 rw-p 0000c000 08:05 12587191                   /lib/x86_64-linux-gnu/libnss_files-2.21.so
7f9fe26c8000-7f9fe26d3000 r-xp 00000000 08:05 12587195                   /lib/x86_64-linux-gnu/libnss_nis-2.21.so
7f9fe26d3000-7f9fe28d2000 ---p 0000b000 08:05 12587195                   /lib/x86_64-linux-gnu/libnss_nis-2.21.so
7f9fe28d2000-7f9fe28d3000 r--p 0000a000 08:05 12587195                   /lib/x86_64-linux-gnu/libnss_nis-2.21.so
7f9fe28d3000-7f9fe28d4000 rw-p 0000b000 08:05 12587195                   /lib/x86_64-linux-gnu/libnss_nis-2.21.so
7f9fe28d4000-7f9fe28eb000 r-xp 00000000 08:05 12587185                   /lib/x86_64-linux-gnu/libnsl-2.21.so
7f9fe28eb000-7f9fe2aea000 ---p 00017000 08:05 12587185                   /lib/x86_64-linux-gnu/libnsl-2.21.so
7f9fe2aea000-7f9fe2aeb000 r--p 00016000 08:05 12587185                   /lib/x86_64-linux-gnu/libnsl-2.21.so
7f9fe2aeb000-7f9fe2aec000 rw-p 00017000 08:05 12587185                   /lib/x86_64-linux-gnu/libnsl-2.21.so
7f9fe2aec000-7f9fe2aee000 rw-p 00000000 00:00 0 
7f9fe2aee000-7f9fe2af6000 r-xp 00000000 08:05 12587187                   /lib/x86_64-linux-gnu/libnss_compat-2.21.so
7f9fe2af6000-7f9fe2cf5000 ---p 00008000 08:05 12587187                   /lib/x86_64-linux-gnu/libnss_compat-2.21.so
7f9fe2cf5000-7f9fe2cf6000 r--p 00007000 08:05 12587187                   /lib/x86_64-linux-gnu/libnss_compat-2.21.so
7f9fe2cf6000-7f9fe2cf7000 rw-p 00008000 08:05 12587187                   /lib/x86_64-linux-gnu/libnss_compat-2.21.so
7f9fe2cf7000-7f9fe2d25000 r-xp 00000000 08:05 12983594                   /usr/lib/jvm/java-8-openjdk-amd64/jre/lib/amd64/libjava.so
7f9fe2d25000-7f9fe2f24000 ---p 0002e000 08:05 12983594                   /usr/lib/jvm/java-8-openjdk-amd64/jre/lib/amd64/libjava.so
7f9fe2f24000-7f9fe2f25000 r--p 0002d000 08:05 12983594                   /usr/lib/jvm/java-8-openjdk-amd64/jre/lib/amd64/libjava.so
7f9fe2f25000-7f9fe2f27000 rw-p 0002e000 08:05 12983594                   /usr/lib/jvm/java-8-openjdk-amd64/jre/lib/amd64/libjava.so
7f9fe2f27000-7f9fe2f36000 r-xp 00000000 08:05 12983801                   /usr/lib/jvm/java-8-openjdk-amd64/jre/lib/amd64/libverify.so
7f9fe2f36000-7f9fe3136000 ---p 0000f000 08:05 12983801                   /usr/lib/jvm/java-8-openjdk-amd64/jre/lib/amd64/libverify.so
7f9fe3136000-7f9fe3139000 r--p 0000f000 08:05 12983801                   /usr/lib/jvm/java-8-openjdk-amd64/jre/lib/amd64/libverify.so
7f9fe3139000-7f9fe313a000 rw-p 00012000 08:05 12983801                   /usr/lib/jvm/java-8-openjdk-amd64/jre/lib/amd64/libverify.so
7f9fe313a000-7f9fe3141000 r-xp 00000000 08:05 12587240                   /lib/x86_64-linux-gnu/librt-2.21.so
7f9fe3141000-7f9fe3340000 ---p 00007000 08:05 12587240                   /lib/x86_64-linux-gnu/librt-2.21.so
7f9fe3340000-7f9fe3341000 r--p 00006000 08:05 12587240                   /lib/x86_64-linux-gnu/librt-2.21.so
7f9fe3341000-7f9fe3342000 rw-p 00007000 08:05 12587240                   /lib/x86_64-linux-gnu/librt-2.21.so
7f9fe3342000-7f9fe3358000 r-xp 00000000 08:05 12587135                   /lib/x86_64-linux-gnu/libgcc_s.so.1
7f9fe3358000-7f9fe3557000 ---p 00016000 08:05 12587135                   /lib/x86_64-linux-gnu/libgcc_s.so.1
7f9fe3557000-7f9fe3558000 rw-p 00015000 08:05 12587135                   /lib/x86_64-linux-gnu/libgcc_s.so.1
7f9fe3558000-7f9fe365f000 r-xp 00000000 08:05 12587164                   /lib/x86_64-linux-gnu/libm-2.21.so
7f9fe365f000-7f9fe385e000 ---p 00107000 08:05 12587164                   /lib/x86_64-linux-gnu/libm-2.21.so
7f9fe385e000-7f9fe385f000 r--p 00106000 08:05 12587164                   /lib/x86_64-linux-gnu/libm-2.21.so
7f9fe385f000-7f9fe3860000 rw-p 00107000 08:05 12587164                   /lib/x86_64-linux-gnu/libm-2.21.so
7f9fe3860000-7f9fe3950000 r-xp 00000000 08:05 12982211                   /usr/lib/x86_64-linux-gnu/libstdc++.so.6.0.20
7f9fe3950000-7f9fe3b50000 ---p 000f0000 08:05 12982211                   /usr/lib/x86_64-linux-gnu/libstdc++.so.6.0.20
7f9fe3b50000-7f9fe3b58000 r--p 000f0000 08:05 12982211                   /usr/lib/x86_64-linux-gnu/libstdc++.so.6.0.20
7f9fe3b58000-7f9fe3b5a000 rw-p 000f8000 08:05 12982211                   /usr/lib/x86_64-linux-gnu/libstdc++.so.6.0.20
7f9fe3b5a000-7f9fe3b6f000 rw-p 00000000 00:00 0 
7f9fe3b6f000-7f9fe47fc000 r-xp 00000000 08:05 12983813                   /usr/lib/jvm/java-8-openjdk-amd64/jre/lib/amd64/server/libjvm.so
7f9fe47fc000-7f9fe49fc000 ---p 00c8d000 08:05 12983813                   /usr/lib/jvm/java-8-openjdk-amd64/jre/lib/amd64/server/libjvm.so
7f9fe49fc000-7f9fe4a9f000 r--p 00c8d000 08:05 12983813                   /usr/lib/jvm/java-8-openjdk-amd64/jre/lib/amd64/server/libjvm.so
7f9fe4a9f000-7f9fe4ac8000 rw-p 00d30000 08:05 12983813                   /usr/lib/jvm/java-8-openjdk-amd64/jre/lib/amd64/server/libjvm.so
7f9fe4ac8000-7f9fe4af7000 rw-p 00000000 00:00 0 
7f9fe4af7000-7f9fe4b0f000 r-xp 00000000 08:05 12587232                   /lib/x86_64-linux-gnu/libpthread-2.21.so
7f9fe4b0f000-7f9fe4d0f000 ---p 00018000 08:05 12587232                   /lib/x86_64-linux-gnu/libpthread-2.21.so
7f9fe4d0f000-7f9fe4d10000 r--p 00018000 08:05 12587232                   /lib/x86_64-linux-gnu/libpthread-2.21.so
7f9fe4d10000-7f9fe4d11000 rw-p 00019000 08:05 12587232                   /lib/x86_64-linux-gnu/libpthread-2.21.so
7f9fe4d11000-7f9fe4d15000 rw-p 00000000 00:00 0 
7f9fe4d15000-7f9fe4d18000 r-xp 00000000 08:05 12587123                   /lib/x86_64-linux-gnu/libdl-2.21.so
7f9fe4d18000-7f9fe4f17000 ---p 00003000 08:05 12587123                   /lib/x86_64-linux-gnu/libdl-2.21.so
7f9fe4f17000-7f9fe4f18000 r--p 00002000 08:05 12587123                   /lib/x86_64-linux-gnu/libdl-2.21.so
7f9fe4f18000-7f9fe4f19000 rw-p 00003000 08:05 12587123                   /lib/x86_64-linux-gnu/libdl-2.21.so
7f9fe4f19000-7f9fe4f32000 r-xp 00000000 08:05 12587272                   /lib/x86_64-linux-gnu/libz.so.1.2.8
7f9fe4f32000-7f9fe5132000 ---p 00019000 08:05 12587272                   /lib/x86_64-linux-gnu/libz.so.1.2.8
7f9fe5132000-7f9fe5133000 r--p 00019000 08:05 12587272                   /lib/x86_64-linux-gnu/libz.so.1.2.8
7f9fe5133000-7f9fe5134000 rw-p 0001a000 08:05 12587272                   /lib/x86_64-linux-gnu/libz.so.1.2.8
7f9fe5134000-7f9fe52f4000 r-xp 00000000 08:05 12587108                   /lib/x86_64-linux-gnu/libc-2.21.so
7f9fe52f4000-7f9fe54f4000 ---p 001c0000 08:05 12587108                   /lib/x86_64-linux-gnu/libc-2.21.so
7f9fe54f4000-7f9fe54f8000 r--p 001c0000 08:05 12587108                   /lib/x86_64-linux-gnu/libc-2.21.so
7f9fe54f8000-7f9fe54fa000 rw-p 001c4000 08:05 12587108                   /lib/x86_64-linux-gnu/libc-2.21.so
7f9fe54fa000-7f9fe54fe000 rw-p 00000000 00:00 0 
7f9fe54fe000-7f9fe550c000 r-xp 00000000 08:05 12983820                   /usr/lib/jvm/java-8-openjdk-amd64/jre/lib/amd64/jli/libjli.so
7f9fe550c000-7f9fe570b000 ---p 0000e000 08:05 12983820                   /usr/lib/jvm/java-8-openjdk-amd64/jre/lib/amd64/jli/libjli.so
7f9fe570b000-7f9fe570c000 r--p 0000d000 08:05 12983820                   /usr/lib/jvm/java-8-openjdk-amd64/jre/lib/amd64/jli/libjli.so
7f9fe570c000-7f9fe570d000 rw-p 0000e000 08:05 12983820                   /usr/lib/jvm/java-8-openjdk-amd64/jre/lib/amd64/jli/libjli.so
7f9fe570d000-7f9fe5731000 r-xp 00000000 08:05 12587082                   /lib/x86_64-linux-gnu/ld-2.21.so
7f9fe5731000-7f9fe5732000 rw-p 00000000 00:00 0 
7f9fe5732000-7f9fe5734000 r--s 00003000 08:05 5505251                    /home/selithey/workspace1/provenance-rewriter-prototype/javatestlib/slf4j-api-1.5.2.jar
7f9fe5734000-7f9fe5736000 r--s 00006000 08:05 3075                       /usr/share/java/java-atk-wrapper.jar
7f9fe5736000-7f9fe5739000 r--s 00037000 08:05 12983840                   /usr/lib/jvm/java-8-openjdk-amd64/jre/lib/ext/sunpkcs11.jar
7f9fe5739000-7f9fe5810000 rw-p 00000000 00:00 0 
7f9fe5810000-7f9fe5813000 ---p 00000000 00:00 0 
7f9fe5813000-7f9fe5916000 rw-p 00000000 00:00 0                          [stack:18471]
7f9fe5916000-7f9fe5917000 r--s 00001000 08:05 5505252                    /home/selithey/workspace1/provenance-rewriter-prototype/javatestlib/slf4j-simple-1.5.2.jar
7f9fe5917000-7f9fe591d000 r--s 0003a000 08:05 12983837                   /usr/lib/jvm/java-8-openjdk-amd64/jre/lib/ext/sunjce_provider.jar
7f9fe591d000-7f9fe591e000 r--s 00008000 08:05 12983834                   /usr/lib/jvm/java-8-openjdk-amd64/jre/lib/ext/sunec.jar
7f9fe591e000-7f9fe5921000 r--s 0000f000 08:05 12983839                   /usr/lib/jvm/java-8-openjdk-amd64/jre/lib/ext/icedtea-sound.jar
7f9fe5921000-7f9fe5922000 r--s 00010000 08:05 12983836                   /usr/lib/jvm/java-8-openjdk-amd64/jre/lib/ext/zipfs.jar
7f9fe5922000-7f9fe5924000 r--s 00001000 08:05 12983838                   /usr/lib/jvm/java-8-openjdk-amd64/jre/lib/ext/dnsns.jar
7f9fe5924000-7f9fe592c000 rw-s 00000000 08:05 8782013                    /tmp/hsperfdata_selithey/18470
7f9fe592c000-7f9fe592d000 rw-p 00000000 00:00 0 
7f9fe592d000-7f9fe592e000 ---p 00000000 00:00 0 
7f9fe592e000-7f9fe5930000 rw-p 00000000 00:00 0 
7f9fe5930000-7f9fe5931000 r--p 00023000 08:05 12587082                   /lib/x86_64-linux-gnu/ld-2.21.so
7f9fe5931000-7f9fe5932000 rw-p 00024000 08:05 12587082                   /lib/x86_64-linux-gnu/ld-2.21.so
7f9fe5932000-7f9fe5933000 rw-p 00000000 00:00 0 
7ffd7cac7000-7ffd7cae8000 rw-p 00000000 00:00 0                          [stack]
7ffd7cb61000-7ffd7cb63000 r--p 00000000 00:00 0                          [vvar]
7ffd7cb63000-7ffd7cb65000 r-xp 00000000 00:00 0                          [vdso]
ffffffffff600000-ffffffffff601000 r-xp 00000000 00:00 0                  [vsyscall]

VM Arguments:
jvm_args: -Dfile.encoding=UTF-8 
java_command: org.gprom.jdbc.test.GProMJDBCTest
java_class_path (initial): /home/selithey/workspace1/provenance-rewriter-prototype/javabin:/home/selithey/workspace1/provenance-rewriter-prototype/javalib/log4j-1.2.15.jar:/home/selithey/workspace1/provenance-rewriter-prototype/javalib/postgresql-8.1-404.jdbc3.jar:/home/selithey/workspace1/provenance-rewriter-prototype/javalib/jna-4.1.0.jar:/home/selithey/workspace1/provenance-rewriter-prototype/javalib:/usr/local/lib:/home/selithey/workspace1/provenance-rewriter-prototype/javalib/ojdbc7.jar:/home/selithey/workspace1/provenance-rewriter-prototype/javatestlib/dbunit.jar:/home/selithey/workspace1/provenance-rewriter-prototype/javatestlib/junit-4.5.jar:/home/selithey/workspace1/provenance-rewriter-prototype/javatestlib/postgresql-8.0-317.jdbc3.jar:/home/selithey/workspace1/provenance-rewriter-prototype/javatestlib/slf4j-api-1.5.2.jar:/home/selithey/workspace1/provenance-rewriter-prototype/javatestlib/slf4j-simple-1.5.2.jar:/home/selithey/workspace1/provenance-rewriter-prototype/build/gprom-jdbc-test.jar:/home/selithey/workspace1/provenance-rewriter-prototype/jdbcbuild/lib/hsqldb.jar:/home/selithey/workspace1/provenance-rewriter-prototype/jdbcbuild/lib/postgresql-8.1-404.jdbc3.jar:/home/selithey/workspace1/provenance-rewriter-prototype/jdbcbuild/lib/log4j-1.2.15.jar:/home/selithey/workspace1/provenance-rewriter-prototype/jdbcbuild/lib:/home/selithey/workspace1/provenance-rewriter-prototype/jdbcbuild/gpromjdbc.jar:/home/selithey/workspace1/provenance-rewriter-prototype/javalib/jnaerator-0.12.jar:/home/selithey/workspace1/provenance-rewriter-prototype/ant/one-jar-ant-task-0.97.jar
Launcher Type: SUN_STANDARD

Environment Variables:
PATH=/usr/local/sbin:/usr/local/bin:/usr/sbin:/usr/bin:/sbin:/bin:/usr/games:/usr/local/games
SHELL=/bin/bash
DISPLAY=:0.0

Signal Handlers:
SIGSEGV: [libjvm.so+0xa90d80], sa_mask[0]=11111111011111111101111111111110, sa_flags=SA_RESTART, flags was changed from 0x10000004, consider using jsig library
SIGBUS: [libjvm.so+0xa90d80], sa_mask[0]=11111111011111111101111111111110, sa_flags=SA_RESTART, flags was changed from 0x10000004, consider using jsig library
SIGFPE: [libjvm.so+0x8dbc70], sa_mask[0]=11111111011111111101111111111110, sa_flags=SA_RESTART|SA_SIGINFO
SIGPIPE: [libjvm.so+0x8dbc70], sa_mask[0]=11111111011111111101111111111110, sa_flags=SA_RESTART|SA_SIGINFO
SIGXFSZ: [libjvm.so+0x8dbc70], sa_mask[0]=11111111011111111101111111111110, sa_flags=SA_RESTART|SA_SIGINFO
SIGILL: [libjvm.so+0x8dbc70], sa_mask[0]=11111111011111111101111111111110, sa_flags=SA_RESTART|SA_SIGINFO
SIGUSR1: SIG_DFL, sa_mask[0]=00000000000000000000000000000000, sa_flags=none
SIGUSR2: [libjvm.so+0x8dbb20], sa_mask[0]=00100000000000000000000000000000, sa_flags=SA_RESTART|SA_SIGINFO
SIGHUP: [libjvm.so+0x8dbd40], sa_mask[0]=11111111011111111101111111111110, sa_flags=SA_RESTART|SA_SIGINFO
SIGINT: [libjvm.so+0x8dbd40], sa_mask[0]=11111111011111111101111111111110, sa_flags=SA_RESTART|SA_SIGINFO
SIGTERM: [libjvm.so+0x8dbd40], sa_mask[0]=11111111011111111101111111111110, sa_flags=SA_RESTART|SA_SIGINFO
SIGQUIT: [libjvm.so+0x8dbd40], sa_mask[0]=11111111011111111101111111111110, sa_flags=SA_RESTART|SA_SIGINFO


---------------  S Y S T E M  ---------------

OS:DISTRIB_ID=Ubuntu
DISTRIB_RELEASE=15.04
DISTRIB_CODENAME=vivid
DISTRIB_DESCRIPTION="Ubuntu 15.04"

uname:Linux 3.19.0-21-generic #21-Ubuntu SMP Sun Jun 14 18:31:11 UTC 2015 x86_64
libc:glibc 2.21 NPTL 2.21 
rlimit: STACK 8192k, CORE 0k, NPROC 14386, NOFILE 65536, AS infinity
load average:1.77 1.32 1.27

/proc/meminfo:
MemTotal:        3705108 kB
MemFree:         1659704 kB
MemAvailable:    2318436 kB
Buffers:          165400 kB
Cached:           776088 kB
SwapCached:           20 kB
Active:          1507604 kB
Inactive:         386108 kB
Active(anon):     881180 kB
Inactive(anon):   220088 kB
Active(file):     626424 kB
Inactive(file):   166020 kB
Unevictable:          32 kB
Mlocked:              32 kB
SwapTotal:       3846140 kB
SwapFree:        3846108 kB
Dirty:               696 kB
Writeback:             0 kB
AnonPages:        952024 kB
Mapped:           278780 kB
Shmem:            149196 kB
Slab:              95600 kB
SReclaimable:      70444 kB
SUnreclaim:        25156 kB
KernelStack:        5600 kB
PageTables:        20572 kB
NFS_Unstable:          0 kB
Bounce:                0 kB
WritebackTmp:          0 kB
CommitLimit:     5698692 kB
Committed_AS:    2986620 kB
VmallocTotal:   34359738367 kB
VmallocUsed:      348544 kB
VmallocChunk:   34359386588 kB
HardwareCorrupted:     0 kB
AnonHugePages:    186368 kB
CmaTotal:              0 kB
CmaFree:               0 kB
HugePages_Total:       0
HugePages_Free:        0
HugePages_Rsvd:        0
HugePages_Surp:        0
Hugepagesize:       2048 kB
DirectMap4k:      340464 kB
DirectMap2M:     3508224 kB


CPU:total 4 (2 cores per cpu, 2 threads per core) family 6 model 37 stepping 2, cmov, cx8, fxsr, mmx, sse, sse2, sse3, ssse3, sse4.1, sse4.2, popcnt, ht, tsc, tscinvbit

/proc/cpuinfo:
processor	: 0
vendor_id	: GenuineIntel
cpu family	: 6
model		: 37
model name	: Intel(R) Core(TM) i3 CPU       M 330  @ 2.13GHz
stepping	: 2
microcode	: 0xc
cpu MHz		: 2133.000
cache size	: 3072 KB
physical id	: 0
siblings	: 4
core id		: 0
cpu cores	: 2
apicid		: 0
initial apicid	: 0
fpu		: yes
fpu_exception	: yes
cpuid level	: 11
wp		: yes
flags		: fpu vme de pse tsc msr pae mce cx8 apic sep mtrr pge mca cmov pat pse36 clflush dts acpi mmx fxsr sse sse2 ss ht tm pbe syscall nx rdtscp lm constant_tsc arch_perfmon pebs bts rep_good nopl xtopology nonstop_tsc aperfmperf pni dtes64 monitor ds_cpl vmx est tm2 ssse3 cx16 xtpr pdcm sse4_1 sse4_2 popcnt lahf_lm arat dtherm tpr_shadow vnmi flexpriority ept vpid
bugs		:
bogomips	: 4256.24
clflush size	: 64
cache_alignment	: 64
address sizes	: 36 bits physical, 48 bits virtual
power management:

processor	: 1
vendor_id	: GenuineIntel
cpu family	: 6
model		: 37
model name	: Intel(R) Core(TM) i3 CPU       M 330  @ 2.13GHz
stepping	: 2
microcode	: 0xc
cpu MHz		: 2133.000
cache size	: 3072 KB
physical id	: 0
siblings	: 4
core id		: 2
cpu cores	: 2
apicid		: 4
initial apicid	: 4
fpu		: yes
fpu_exception	: yes
cpuid level	: 11
wp		: yes
flags		: fpu vme de pse tsc msr pae mce cx8 apic sep mtrr pge mca cmov pat pse36 clflush dts acpi mmx fxsr sse sse2 ss ht tm pbe syscall nx rdtscp lm constant_tsc arch_perfmon pebs bts rep_good nopl xtopology nonstop_tsc aperfmperf pni dtes64 monitor ds_cpl vmx est tm2 ssse3 cx16 xtpr pdcm sse4_1 sse4_2 popcnt lahf_lm arat dtherm tpr_shadow vnmi flexpriority ept vpid
bugs		:
bogomips	: 4256.24
clflush size	: 64
cache_alignment	: 64
address sizes	: 36 bits physical, 48 bits virtual
power management:

processor	: 2
vendor_id	: GenuineIntel
cpu family	: 6
model		: 37
model name	: Intel(R) Core(TM) i3 CPU       M 330  @ 2.13GHz
stepping	: 2
microcode	: 0xc
cpu MHz		: 2133.000
cache size	: 3072 KB
physical id	: 0
siblings	: 4
core id		: 0
cpu cores	: 2
apicid		: 1
initial apicid	: 1
fpu		: yes
fpu_exception	: yes
cpuid level	: 11
wp		: yes
flags		: fpu vme de pse tsc msr pae mce cx8 apic sep mtrr pge mca cmov pat pse36 clflush dts acpi mmx fxsr sse sse2 ss ht tm pbe syscall nx rdtscp lm constant_tsc arch_perfmon pebs bts rep_good nopl xtopology nonstop_tsc aperfmperf pni dtes64 monitor ds_cpl vmx est tm2 ssse3 cx16 xtpr pdcm sse4_1 sse4_2 popcnt lahf_lm arat dtherm tpr_shadow vnmi flexpriority ept vpid
bugs		:
bogomips	: 4256.24
clflush size	: 64
cache_alignment	: 64
address sizes	: 36 bits physical, 48 bits virtual
power management:

processor	: 3
vendor_id	: GenuineIntel
cpu family	: 6
model		: 37
model name	: Intel(R) Core(TM) i3 CPU       M 330  @ 2.13GHz
stepping	: 2
microcode	: 0xc
cpu MHz		: 2133.000
cache size	: 3072 KB
physical id	: 0
siblings	: 4
core id		: 2
cpu cores	: 2
apicid		: 5
initial apicid	: 5
fpu		: yes
fpu_exception	: yes
cpuid level	: 11
wp		: yes
flags		: fpu vme de pse tsc msr pae mce cx8 apic sep mtrr pge mca cmov pat pse36 clflush dts acpi mmx fxsr sse sse2 ss ht tm pbe syscall nx rdtscp lm constant_tsc arch_perfmon pebs bts rep_good nopl xtopology nonstop_tsc aperfmperf pni dtes64 monitor ds_cpl vmx est tm2 ssse3 cx16 xtpr pdcm sse4_1 sse4_2 popcnt lahf_lm arat dtherm tpr_shadow vnmi flexpriority ept vpid
bugs		:
bogomips	: 4256.24
clflush size	: 64
cache_alignment	: 64
address sizes	: 36 bits physical, 48 bits virtual
power management:



Memory: 4k page, physical 3705108k(1659704k free), swap 3846140k(3846108k free)

vm_info: OpenJDK 64-Bit Server VM (25.45-b02) for linux-amd64 JRE (1.8.0_45-internal-b14), built on Apr 20 2015 00:35:04 by "buildd" with gcc 4.9.2

time: Thu Jun 25 14:48:41 2015
elapsed time: 0 seconds (0d 0h 0m 0s)

