#
# A fatal error has been detected by the Java Runtime Environment:
#
#  SIGSEGV (0xb) at pc=0x00007f03ba31d618, pid=5906, tid=139653557167872
#
# JRE version: OpenJDK Runtime Environment (8.0_45-b14) (build 1.8.0_45-internal-b14)
# Java VM: OpenJDK 64-Bit Server VM (25.45-b02 mixed mode linux-amd64 compressed oops)
# Problematic frame:
# V  [libjvm.so+0x3f9618]  ciEnv::register_method(ciMethod*, int, CodeOffsets*, int, CodeBuffer*, int, OopMapSet*, ExceptionHandlerTable*, ImplicitExceptionTable*, AbstractCompiler*, int, bool, bool, RTMState)+0xc8
#
# Failed to write core dump. Core dumps have been disabled. To enable core dumping, try "ulimit -c unlimited" before starting Java again
#
# If you would like to submit a bug report, please visit:
#   http://bugreport.java.com/bugreport/crash.jsp
#

---------------  T H R E A D  ---------------

Current thread (0x00007f03b40b1000):  JavaThread "C1 CompilerThread2" daemon [_thread_in_native_trans, id=5922, stack(0x00007f03a09aa000,0x00007f03a0aab000)]

siginfo: si_signo: 4 (SIGILL), si_code: -1 (SI_QUEUE)

Registers:
RAX=0x00007f03bbce1100, RBX=0x00007f03b40b1000, RCX=0x00007f03bb0c5340, RDX=0x00007f03bae8d0d8
RSP=0x00007f03a0aa9530, RBP=0x00007f03a0aa95f0, RSI=0x0000000000000001, RDI=0x0000000000000010
R8 =0x0000000000000030, R9 =0x00007f03a0aa9868, R10=0x00007f03b40abdb0, R11=0x0000000000000003
R12=0x00007f03a0aa9b50, R13=0x00007f03781b0f20, R14=0x00007f037802fc40, R15=0x00007f03a0aa9660
RIP=0x00007f03ba31d618, EFLAGS=0x0000000000010206, CSGSFS=0x0000000000000033, ERR=0x0000000000000007
  TRAPNO=0x000000000000000e

Top of Stack: (sp=0x00007f03a0aa9530)
0x00007f03a0aa9530:   0000000000000000 0000000000000000
0x00007f03a0aa9540:   00007f0300000565 0000000000000000
0x00007f03a0aa9550:   0000000000000000 00007f03b40abdb0
0x00007f03a0aa9560:   00007f03a0aa9828 00007f03a0aa9810
0x00007f03a0aa9570:   00007f037802fc40 00007f0300000030
0x00007f03a0aa9580:   00007f03a0aa9848 00007f03ffffffff
0x00007f03a0aa9590:   00007f03a0aa9640 00007f03a0aa9868
0x00007f03a0aa95a0:   00007f03a0aa95c0 00007f03a0aa97a0
0x00007f03a0aa95b0:   00000000bae8d0c8 a5e3c5e1d3d4b000
0x00007f03a0aa95c0:   00007f03b40b0000 00007f03a0aa97a0
0x00007f03a0aa95d0:   000000000000000a 0000000000000000
0x00007f03a0aa95e0:   00007f037802fc40 00007f03a0aa9660
0x00007f03a0aa95f0:   00007f03a0aa96e0 00007f03ba25f134
0x00007f03a0aa9600:   000000000000000a 00007f037802fc40
0x00007f03a0aa9610:   00007f03a0aa9810 00007f03a0aa9828
0x00007f03a0aa9620:   00007f03b40abdb0 0000000000000003
0x00007f03a0aa9630:   0000000000000000 0000000000000000
0x00007f03a0aa9640:   0000000000000002 00007f03ba25f0da
0x00007f03a0aa9650:   00007f03b40abdb0 0000000000000003
0x00007f03a0aa9660:   00007f03a0aa0000 0000000000000000
0x00007f03a0aa9670:   00007f03b40b1000 0000000100041400
0x00007f03a0aa9680:   00007f03ba341fc0 00007f0380066560
0x00007f03a0aa9690:   0000000000000000 00007f030000000b
0x00007f03a0aa96a0:   00007f03a0aa9910 a5e3c5e1d3d4b000
0x00007f03a0aa96b0:   00007f03a0aa96f0 00007f03a0aa97a0
0x00007f03a0aa96c0:   00007f03a0aa96f0 00007f03781b0f20
0x00007f03a0aa96d0:   00007f03bae68888 00007f03a0aa97a0
0x00007f03a0aa96e0:   00007f03a0aa9760 00007f03ba25f47f
0x00007f03a0aa96f0:   00007f03a0aa0000 0000000000000000
0x00007f03a0aa9700:   00007f03a0aa9960 00007f03a0aa9900
0x00007f03a0aa9710:   00007f03a0aa99ff 00007f03a0aa9960
0x00007f03a0aa9720:   0000000000000000 0000000000000000 

Instructions: (pc=0x00007f03ba31d618)
0x00007f03ba31d5f8:   0f 85 52 03 00 00 48 8d 15 cb fa b6 00 48 89 d8
0x00007f03ba31d608:   48 c1 e8 04 23 02 48 8d 15 c3 fa b6 00 48 03 02
0x00007f03ba31d618:   c7 00 01 00 00 00 48 8d 05 57 42 b7 00 8b 00 85
0x00007f03ba31d628:   c0 0f 85 01 01 00 00 8b 43 30 a9 00 00 00 30 0f 

Register to memory mapping:

RAX=0x00007f03bbce1100 is an unknown value
RBX=0x00007f03b40b1000 is a thread
RCX=0x00007f03bb0c5340: <offset 0x219340> in /lib/x86_64-linux-gnu/libpthread.so.0 at 0x00007f03baeac000
RDX=0x00007f03bae8d0d8: <offset 0xf690d8> in /usr/lib/jvm/java-8-openjdk-amd64/jre/lib/amd64/server/libjvm.so at 0x00007f03b9f24000
RSP=0x00007f03a0aa9530 is pointing into the stack for thread: 0x00007f03b40b1000
RBP=0x00007f03a0aa95f0 is pointing into the stack for thread: 0x00007f03b40b1000
RSI=0x0000000000000001 is an unknown value
RDI=0x0000000000000010 is an unknown value
R8 =0x0000000000000030 is an unknown value
R9 =0x00007f03a0aa9868 is pointing into the stack for thread: 0x00007f03b40b1000
R10=0x00007f03b40abdb0 is an unknown value
R11=0x0000000000000003 is an unknown value
R12=0x00007f03a0aa9b50 is pointing into the stack for thread: 0x00007f03b40b1000
R13=0x00007f03781b0f20 is an unknown value
R14=0x00007f037802fc40 is an unknown value
R15=0x00007f03a0aa9660 is pointing into the stack for thread: 0x00007f03b40b1000


Stack: [0x00007f03a09aa000,0x00007f03a0aab000],  sp=0x00007f03a0aa9530,  free space=1021k
Native frames: (J=compiled Java code, j=interpreted, Vv=VM code, C=native code)
V  [libjvm.so+0x3f9618]  ciEnv::register_method(ciMethod*, int, CodeOffsets*, int, CodeBuffer*, int, OopMapSet*, ExceptionHandlerTable*, ImplicitExceptionTable*, AbstractCompiler*, int, bool, bool, RTMState)+0xc8
V  [libjvm.so+0x33b134]  Compilation::compile_method()+0x1f4
V  [libjvm.so+0x33b47f]  Compilation::Compilation(AbstractCompiler*, ciEnv*, ciMethod*, int, BufferBlob*)+0x24f
V  [libjvm.so+0x33c257]  Compiler::compile_method(ciEnv*, ciMethod*, int)+0xb7
V  [libjvm.so+0x4956d6]  CompileBroker::invoke_compiler_on_method(CompileTask*)+0xdc6
V  [libjvm.so+0x496c5f]  CompileBroker::compiler_thread_loop()+0x3ef
V  [libjvm.so+0xa3652a]  JavaThread::thread_main_inner()+0x25a
V  [libjvm.so+0x8dd8a2]  java_start(Thread*)+0xf2
C  [libpthread.so.0+0x76aa]  start_thread+0xca


Current CompileTask:
C1:    728  557       3       sun.reflect.ByteVectorImpl::add (38 bytes)


---------------  P R O C E S S  ---------------

Java Threads: ( => current thread )
  0x00007f03b44cd000 JavaThread "oracle.jdbc.driver.BlockSource.ThreadedCachingBlockSource.BlockReleaser" daemon [_thread_blocked, id=5926, stack(0x00007f036b706000,0x00007f036b807000)]
  0x00007f03b4210000 JavaThread "Thread-0" daemon [_thread_blocked, id=5925, stack(0x00007f03a0615000,0x00007f03a0716000)]
  0x00007f03b40bf000 JavaThread "Service Thread" daemon [_thread_blocked, id=5923, stack(0x00007f03a08a9000,0x00007f03a09aa000)]
=>0x00007f03b40b1000 JavaThread "C1 CompilerThread2" daemon [_thread_in_native_trans, id=5922, stack(0x00007f03a09aa000,0x00007f03a0aab000)]
  0x00007f03b40af000 JavaThread "C2 CompilerThread1" daemon [_thread_in_native, id=5921, stack(0x00007f03a0aab000,0x00007f03a0bac000)]
  0x00007f03b40ac800 JavaThread "C2 CompilerThread0" daemon [_thread_in_native, id=5920, stack(0x00007f03a0bac000,0x00007f03a0cad000)]
  0x00007f03b40aa000 JavaThread "Signal Dispatcher" daemon [_thread_blocked, id=5919, stack(0x00007f03a0cad000,0x00007f03a0dae000)]
  0x00007f03b407f800 JavaThread "Finalizer" daemon [_thread_blocked, id=5918, stack(0x00007f03a1077000,0x00007f03a1178000)]
  0x00007f03b407d000 JavaThread "Reference Handler" daemon [_thread_blocked, id=5917, stack(0x00007f03a1178000,0x00007f03a1279000)]
  0x00007f03b400a800 JavaThread "main" [_thread_blocked, id=5907, stack(0x00007f03bbbc5000,0x00007f03bbcc6000)]

Other Threads:
  0x00007f03b4078000 VMThread [stack: 0x00007f03a1279000,0x00007f03a137a000] [id=5916]
  0x00007f03b40c1000 WatcherThread [stack: 0x00007f03a07a8000,0x00007f03a08a9000] [id=5924]

VM state:synchronizing (normal execution)

VM Mutex/Monitor currently owned by a thread:  ([mutex/lock_event])
[0x00007f03b4006d00] Safepoint_lock - owner thread: 0x00007f03b4078000
[0x00007f03b4006d80] Threads_lock - owner thread: 0x00007f03b4078000
[0x00007f03b4007780] Compile_lock - owner thread: 0x00007f03b400a800

Heap:
 PSYoungGen      total 17408K, used 3140K [0x00000000ed200000, 0x00000000ee500000, 0x0000000100000000)
  eden space 15360K, 7% used [0x00000000ed200000,0x00000000ed314c60,0x00000000ee100000)
  from space 2048K, 99% used [0x00000000ee100000,0x00000000ee2fc710,0x00000000ee300000)
  to   space 2048K, 0% used [0x00000000ee300000,0x00000000ee300000,0x00000000ee500000)
 ParOldGen       total 39936K, used 1286K [0x00000000c7600000, 0x00000000c9d00000, 0x00000000ed200000)
  object space 39936K, 3% used [0x00000000c7600000,0x00000000c7741b78,0x00000000c9d00000)
 Metaspace       used 9814K, capacity 9878K, committed 10112K, reserved 1058816K
  class space    used 1115K, capacity 1137K, committed 1152K, reserved 1048576K

Card table byte_map: [0x00007f03b80e1000,0x00007f03b82a7000] byte_map_base: 0x00007f03b7aa6000

Marking Bits: (ParMarkBitMap*) 0x00007f03bae90e80
 Begin Bits: [0x00007f03a2e7e000, 0x00007f03a3ca6000)
 End Bits:   [0x00007f03a3ca6000, 0x00007f03a4ace000)

Polling page: 0x00007f03bbce2000

CodeCache: size=245760Kb used=2384Kb max_used=2384Kb free=243375Kb
 bounds [0x00007f03a5000000, 0x00007f03a5270000, 0x00007f03b4000000]
 total_blobs=881 nmethods=552 adapters=245
 compilation: enabled

Compilation events (10 events):
Event: 0.715 Thread 0x00007f03b40b1000 nmethod 550 0x00007f03a524ce90 code [0x00007f03a524d2e0, 0x00007f03a5250c28]
Event: 0.715 Thread 0x00007f03b40b1000  552       3       sun.util.calendar.CalendarDate::<init> (16 bytes)
Event: 0.716 Thread 0x00007f03b40b1000 nmethod 552 0x00007f03a524b290 code [0x00007f03a524b400, 0x00007f03a524b5d0]
Event: 0.716 Thread 0x00007f03b40b1000  553       3       sun.util.calendar.BaseCalendar::getFixedDate (36 bytes)
Event: 0.716 Thread 0x00007f03b40b1000 nmethod 553 0x00007f03a524a7d0 code [0x00007f03a524a980, 0x00007f03a524b0e8]
Event: 0.716 Thread 0x00007f03b40b1000  554       3       sun.util.calendar.BaseCalendar::normalizeMonth (117 bytes)
Event: 0.717 Thread 0x00007f03b40b1000 nmethod 554 0x00007f03a5249810 code [0x00007f03a52499e0, 0x00007f03a524a328]
Event: 0.717 Thread 0x00007f03b40b1000  555       3       sun.util.calendar.BaseCalendar::getFixedDate (324 bytes)
Event: 0.721 Thread 0x00007f03b40b1000 nmethod 555 0x00007f03a52522d0 code [0x00007f03a52525c0, 0x00007f03a5254770]
Event: 0.721 Thread 0x00007f03b40b1000  557       3       sun.reflect.ByteVectorImpl::add (38 bytes)

GC Heap History (2 events):
Event: 0.683 GC heap before
{Heap before GC invocations=1 (full 0):
 PSYoungGen      total 17408K, used 15360K [0x00000000ed200000, 0x00000000ee500000, 0x0000000100000000)
  eden space 15360K, 100% used [0x00000000ed200000,0x00000000ee100000,0x00000000ee100000)
  from space 2048K, 0% used [0x00000000ee300000,0x00000000ee300000,0x00000000ee500000)
  to   space 2048K, 0% used [0x00000000ee100000,0x00000000ee100000,0x00000000ee300000)
 ParOldGen       total 39936K, used 0K [0x00000000c7600000, 0x00000000c9d00000, 0x00000000ed200000)
  object space 39936K, 0% used [0x00000000c7600000,0x00000000c7600000,0x00000000c9d00000)
 Metaspace       used 9405K, capacity 9456K, committed 9600K, reserved 1058816K
  class space    used 1073K, capacity 1104K, committed 1152K, reserved 1048576K
Event: 0.690 GC heap after
Heap after GC invocations=1 (full 0):
 PSYoungGen      total 17408K, used 2033K [0x00000000ed200000, 0x00000000ee500000, 0x0000000100000000)
  eden space 15360K, 0% used [0x00000000ed200000,0x00000000ed200000,0x00000000ee100000)
  from space 2048K, 99% used [0x00000000ee100000,0x00000000ee2fc710,0x00000000ee300000)
  to   space 2048K, 0% used [0x00000000ee300000,0x00000000ee300000,0x00000000ee500000)
 ParOldGen       total 39936K, used 1286K [0x00000000c7600000, 0x00000000c9d00000, 0x00000000ed200000)
  object space 39936K, 3% used [0x00000000c7600000,0x00000000c7741b78,0x00000000c9d00000)
 Metaspace       used 9405K, capacity 9456K, committed 9600K, reserved 1058816K
  class space    used 1073K, capacity 1104K, committed 1152K, reserved 1048576K
}

Deoptimization events (2 events):
Event: 0.419 Thread 0x00007f03b400a800 Uncommon trap: reason=unstable_if action=reinterpret pc=0x00007f03a51dda6c method=java.io.BufferedReader.read()I @ 19
Event: 0.630 Thread 0x00007f03b400a800 Uncommon trap: reason=predicate action=maybe_recompile pc=0x00007f03a521b458 method=sun.net.www.ParseUtil.encodePath(Ljava/lang/String;Z)Ljava/lang/String; @ 36

Internal exceptions (10 events):
Event: 0.202 Thread 0x00007f03b400a800 Exception <a 'java/lang/ClassNotFoundException': org/apache/log4j/PatternLayoutCustomizer> (0x00000000ed503010) thrown at [/build/buildd/openjdk-8-8u45-b14/src/hotspot/src/share/vm/classfile/systemDictionary.cpp, line 210]
Event: 0.355 Thread 0x00007f03b400a800 Exception <a 'java/lang/ArrayIndexOutOfBoundsException'> (0x00000000ed736910) thrown at [/build/buildd/openjdk-8-8u45-b14/src/hotspot/src/share/vm/runtime/sharedRuntime.cpp, line 605]
Event: 0.355 Thread 0x00007f03b400a800 Exception <a 'java/lang/ArrayIndexOutOfBoundsException'> (0x00000000ed737b08) thrown at [/build/buildd/openjdk-8-8u45-b14/src/hotspot/src/share/vm/runtime/sharedRuntime.cpp, line 605]
Event: 0.356 Thread 0x00007f03b400a800 Exception <a 'java/lang/ArrayIndexOutOfBoundsException'> (0x00000000ed739090) thrown at [/build/buildd/openjdk-8-8u45-b14/src/hotspot/src/share/vm/runtime/sharedRuntime.cpp, line 605]
Event: 0.366 Thread 0x00007f03b400a800 Exception <a 'java/lang/ArrayIndexOutOfBoundsException'> (0x00000000ed760c00) thrown at [/build/buildd/openjdk-8-8u45-b14/src/hotspot/src/share/vm/runtime/sharedRuntime.cpp, line 605]
Event: 0.366 Thread 0x00007f03b400a800 Exception <a 'java/lang/ArrayIndexOutOfBoundsException'> (0x00000000ed761db8) thrown at [/build/buildd/openjdk-8-8u45-b14/src/hotspot/src/share/vm/runtime/sharedRuntime.cpp, line 605]
Event: 0.366 Thread 0x00007f03b400a800 Exception <a 'java/lang/ArrayIndexOutOfBoundsException'> (0x00000000ed7632a0) thrown at [/build/buildd/openjdk-8-8u45-b14/src/hotspot/src/share/vm/runtime/sharedRuntime.cpp, line 605]
Event: 0.375 Thread 0x00007f03b400a800 Exception <a 'java/lang/ArrayIndexOutOfBoundsException'> (0x00000000ed788e98) thrown at [/build/buildd/openjdk-8-8u45-b14/src/hotspot/src/share/vm/runtime/sharedRuntime.cpp, line 605]
Event: 0.382 Thread 0x00007f03b400a800 Exception <a 'java/lang/ArrayIndexOutOfBoundsException'> (0x00000000ed7991d0) thrown at [/build/buildd/openjdk-8-8u45-b14/src/hotspot/src/share/vm/runtime/sharedRuntime.cpp, line 605]
Event: 0.436 Thread 0x00007f03b400a800 Exception <a 'java/lang/NoClassDefFoundError': oracle/security/pki/OraclePKIProvider> (0x00000000ed915d80) thrown at [/build/buildd/openjdk-8-8u45-b14/src/hotspot/src/share/vm/classfile/systemDictionary.cpp, line 199]

Events (10 events):
Event: 0.720 loading class sun/reflect/ClassDefiner$1 done
Event: 0.721 loading class sun/reflect/SerializationConstructorAccessorImpl
Event: 0.721 loading class sun/reflect/SerializationConstructorAccessorImpl done
Event: 0.721 loading class sun/reflect/BootstrapConstructorAccessorImpl
Event: 0.721 loading class sun/reflect/BootstrapConstructorAccessorImpl done
Event: 0.721 loading class java/io/ObjectOutputStream
Event: 0.722 loading class java/io/ObjectOutput
Event: 0.722 loading class java/io/ObjectOutput done
Event: 0.722 loading class java/io/ObjectOutputStream done
Event: 0.722 Executing VM operation: Deoptimize


Dynamic libraries:
00400000-00401000 r-xp 00000000 08:05 12983873                           /usr/lib/jvm/java-8-openjdk-amd64/jre/bin/java
00600000-00601000 r--p 00000000 08:05 12983873                           /usr/lib/jvm/java-8-openjdk-amd64/jre/bin/java
00601000-00602000 rw-p 00001000 08:05 12983873                           /usr/lib/jvm/java-8-openjdk-amd64/jre/bin/java
01d33000-01d54000 rw-p 00000000 00:00 0                                  [heap]
c7600000-c9d00000 rw-p 00000000 00:00 0 
c9d00000-ed200000 ---p 00000000 00:00 0 
ed200000-ee500000 rw-p 00000000 00:00 0 
ee500000-100000000 ---p 00000000 00:00 0 
100000000-100120000 rw-p 00000000 00:00 0 
100120000-140000000 ---p 00000000 00:00 0 
7f0360000000-7f0360021000 rw-p 00000000 00:00 0 
7f0360021000-7f0364000000 ---p 00000000 00:00 0 
7f0364000000-7f0364021000 rw-p 00000000 00:00 0 
7f0364021000-7f0368000000 ---p 00000000 00:00 0 
7f036b0e4000-7f036b1a4000 rw-p 00000000 00:00 0 
7f036b1a4000-7f036b2e4000 ---p 00000000 00:00 0 
7f036b2e4000-7f036b2fb000 r-xp 00000000 08:05 12587238                   /lib/x86_64-linux-gnu/libresolv-2.21.so
7f036b2fb000-7f036b4fb000 ---p 00017000 08:05 12587238                   /lib/x86_64-linux-gnu/libresolv-2.21.so
7f036b4fb000-7f036b4fd000 r--p 00017000 08:05 12587238                   /lib/x86_64-linux-gnu/libresolv-2.21.so
7f036b4fd000-7f036b4fe000 rw-p 00019000 08:05 12587238                   /lib/x86_64-linux-gnu/libresolv-2.21.so
7f036b4fe000-7f036b500000 rw-p 00000000 00:00 0 
7f036b500000-7f036b505000 r-xp 00000000 08:05 12587189                   /lib/x86_64-linux-gnu/libnss_dns-2.21.so
7f036b505000-7f036b704000 ---p 00005000 08:05 12587189                   /lib/x86_64-linux-gnu/libnss_dns-2.21.so
7f036b704000-7f036b705000 r--p 00004000 08:05 12587189                   /lib/x86_64-linux-gnu/libnss_dns-2.21.so
7f036b705000-7f036b706000 rw-p 00005000 08:05 12587189                   /lib/x86_64-linux-gnu/libnss_dns-2.21.so
7f036b706000-7f036b709000 ---p 00000000 00:00 0 
7f036b709000-7f036b807000 rw-p 00000000 00:00 0                          [stack:5926]
7f036b807000-7f036b8e8000 r-xp 00000000 08:05 1208                       /usr/local/lib/libgprom.so.0.0.0
7f036b8e8000-7f036bae8000 ---p 000e1000 08:05 1208                       /usr/local/lib/libgprom.so.0.0.0
7f036bae8000-7f036bae9000 r--p 000e1000 08:05 1208                       /usr/local/lib/libgprom.so.0.0.0
7f036bae9000-7f036baec000 rw-p 000e2000 08:05 1208                       /usr/local/lib/libgprom.so.0.0.0
7f036baec000-7f036baed000 rw-p 00000000 00:00 0 
7f036baed000-7f036bafe000 r-xp 00000000 08:05 12983815                   /usr/lib/jvm/java-8-openjdk-amd64/jre/lib/amd64/libnio.so
7f036bafe000-7f036bcfd000 ---p 00011000 08:05 12983815                   /usr/lib/jvm/java-8-openjdk-amd64/jre/lib/amd64/libnio.so
7f036bcfd000-7f036bcfe000 r--p 00010000 08:05 12983815                   /usr/lib/jvm/java-8-openjdk-amd64/jre/lib/amd64/libnio.so
7f036bcfe000-7f036bcff000 rw-p 00011000 08:05 12983815                   /usr/lib/jvm/java-8-openjdk-amd64/jre/lib/amd64/libnio.so
7f036bcff000-7f036c000000 rw-p 00000000 00:00 0 
7f036c000000-7f036c021000 rw-p 00000000 00:00 0 
7f036c021000-7f0370000000 ---p 00000000 00:00 0 
7f0370000000-7f0370021000 rw-p 00000000 00:00 0 
7f0370021000-7f0374000000 ---p 00000000 00:00 0 
7f0374000000-7f037424c000 rw-p 00000000 00:00 0 
7f037424c000-7f0378000000 ---p 00000000 00:00 0 
7f0378000000-7f0378521000 rw-p 00000000 00:00 0 
7f0378521000-7f037c000000 ---p 00000000 00:00 0 
7f037c000000-7f037c021000 rw-p 00000000 00:00 0 
7f037c021000-7f0380000000 ---p 00000000 00:00 0 
7f0380000000-7f0380178000 rw-p 00000000 00:00 0 
7f0380178000-7f0384000000 ---p 00000000 00:00 0 
7f0384000000-7f0384021000 rw-p 00000000 00:00 0 
7f0384021000-7f0388000000 ---p 00000000 00:00 0 
7f0388000000-7f0388021000 rw-p 00000000 00:00 0 
7f0388021000-7f038c000000 ---p 00000000 00:00 0 
7f038c000000-7f038c021000 rw-p 00000000 00:00 0 
7f038c021000-7f0390000000 ---p 00000000 00:00 0 
7f0390000000-7f0390021000 rw-p 00000000 00:00 0 
7f0390021000-7f0394000000 ---p 00000000 00:00 0 
7f0394000000-7f0394021000 rw-p 00000000 00:00 0 
7f0394021000-7f0398000000 ---p 00000000 00:00 0 
7f0398000000-7f0398021000 rw-p 00000000 00:00 0 
7f0398021000-7f039c000000 ---p 00000000 00:00 0 
7f039c000000-7f039c021000 rw-p 00000000 00:00 0 
7f039c021000-7f03a0000000 ---p 00000000 00:00 0 
7f03a00d3000-7f03a00d6000 rw-p 00000000 00:00 0 
7f03a00d6000-7f03a00ed000 r-xp 00000000 08:05 12983796                   /usr/lib/jvm/java-8-openjdk-amd64/jre/lib/amd64/libnet.so
7f03a00ed000-7f03a02ec000 ---p 00017000 08:05 12983796                   /usr/lib/jvm/java-8-openjdk-amd64/jre/lib/amd64/libnet.so
7f03a02ec000-7f03a02ed000 r--p 00016000 08:05 12983796                   /usr/lib/jvm/java-8-openjdk-amd64/jre/lib/amd64/libnet.so
7f03a02ed000-7f03a02ee000 rw-p 00017000 08:05 12983796                   /usr/lib/jvm/java-8-openjdk-amd64/jre/lib/amd64/libnet.so
7f03a02ee000-7f03a02f7000 r-xp 00000000 08:05 12983595                   /usr/lib/jvm/java-8-openjdk-amd64/jre/lib/amd64/libmanagement.so
7f03a02f7000-7f03a04f6000 ---p 00009000 08:05 12983595                   /usr/lib/jvm/java-8-openjdk-amd64/jre/lib/amd64/libmanagement.so
7f03a04f6000-7f03a04f7000 r--p 00008000 08:05 12983595                   /usr/lib/jvm/java-8-openjdk-amd64/jre/lib/amd64/libmanagement.so
7f03a04f7000-7f03a04f8000 rw-p 00009000 08:05 12983595                   /usr/lib/jvm/java-8-openjdk-amd64/jre/lib/amd64/libmanagement.so
7f03a04f8000-7f03a050f000 r-xp 00000000 08:05 8781999                    /tmp/jna-1195761143/jna3645795282126044687.tmp (deleted)
7f03a050f000-7f03a060e000 ---p 00017000 08:05 8781999                    /tmp/jna-1195761143/jna3645795282126044687.tmp (deleted)
7f03a060e000-7f03a0610000 rw-p 00016000 08:05 8781999                    /tmp/jna-1195761143/jna3645795282126044687.tmp (deleted)
7f03a0610000-7f03a0615000 r--s 00094000 08:05 12983825                   /usr/lib/jvm/java-8-openjdk-amd64/jre/lib/jsse.jar
7f03a0615000-7f03a0618000 ---p 00000000 00:00 0 
7f03a0618000-7f03a0716000 rw-p 00000000 00:00 0                          [stack:5925]
7f03a0716000-7f03a0718000 r--s 00015000 08:05 5505042                    /home/selithey/workspace1/provenance-rewriter-prototype/ant/one-jar-ant-task-0.97.jar
7f03a0718000-7f03a071f000 r--s 0006a000 08:05 5505212                    /home/selithey/workspace1/provenance-rewriter-prototype/javalib/jnaerator-0.12.jar
7f03a071f000-7f03a0723000 r--s 01024000 08:05 5506205                    /home/selithey/workspace1/provenance-rewriter-prototype/jdbcbuild/gpromjdbc.jar
7f03a0723000-7f03a072a000 r--s 00059000 08:05 5506109                    /home/selithey/workspace1/provenance-rewriter-prototype/jdbcbuild/lib/log4j-1.2.15.jar
7f03a072a000-7f03a072f000 r--s 0005d000 08:05 5506112                    /home/selithey/workspace1/provenance-rewriter-prototype/jdbcbuild/lib/postgresql-8.1-404.jdbc3.jar
7f03a072f000-7f03a0738000 r--s 000a4000 08:05 5506106                    /home/selithey/workspace1/provenance-rewriter-prototype/jdbcbuild/lib/hsqldb.jar
7f03a0738000-7f03a073c000 r--s 000af000 08:05 5506278                    /home/selithey/workspace1/provenance-rewriter-prototype/build/gprom-jdbc-test.jar
7f03a073c000-7f03a0740000 r--s 00053000 08:05 5505250                    /home/selithey/workspace1/provenance-rewriter-prototype/javatestlib/postgresql-8.0-317.jdbc3.jar
7f03a0740000-7f03a0746000 r--s 0002b000 08:05 5505249                    /home/selithey/workspace1/provenance-rewriter-prototype/javatestlib/junit-4.5.jar
7f03a0746000-7f03a074e000 r--s 00058000 08:05 5505248                    /home/selithey/workspace1/provenance-rewriter-prototype/javatestlib/dbunit.jar
7f03a074e000-7f03a0775000 r--s 00361000 08:05 5505215                    /home/selithey/workspace1/provenance-rewriter-prototype/javalib/ojdbc7.jar
7f03a0775000-7f03a077a000 r--s 0005d000 08:05 5505216                    /home/selithey/workspace1/provenance-rewriter-prototype/javalib/postgresql-8.1-404.jdbc3.jar
7f03a077a000-7f03a0781000 r--s 00059000 08:05 5505213                    /home/selithey/workspace1/provenance-rewriter-prototype/javalib/log4j-1.2.15.jar
7f03a0781000-7f03a078c000 r--s 00116000 08:05 12983835                   /usr/lib/jvm/java-8-openjdk-amd64/jre/lib/ext/localedata.jar
7f03a078c000-7f03a07a8000 r--s 00393000 08:05 12983832                   /usr/lib/jvm/java-8-openjdk-amd64/jre/lib/ext/cldrdata.jar
7f03a07a8000-7f03a07a9000 ---p 00000000 00:00 0 
7f03a07a9000-7f03a08a9000 rw-p 00000000 00:00 0                          [stack:5924]
7f03a08a9000-7f03a08ac000 ---p 00000000 00:00 0 
7f03a08ac000-7f03a09aa000 rw-p 00000000 00:00 0                          [stack:5923]
7f03a09aa000-7f03a09ad000 ---p 00000000 00:00 0 
7f03a09ad000-7f03a0aab000 rw-p 00000000 00:00 0                          [stack:5922]
7f03a0aab000-7f03a0aae000 ---p 00000000 00:00 0 
7f03a0aae000-7f03a0bac000 rw-p 00000000 00:00 0                          [stack:5921]
7f03a0bac000-7f03a0baf000 ---p 00000000 00:00 0 
7f03a0baf000-7f03a0cad000 rw-p 00000000 00:00 0                          [stack:5920]
7f03a0cad000-7f03a0cb0000 ---p 00000000 00:00 0 
7f03a0cb0000-7f03a0dae000 rw-p 00000000 00:00 0                          [stack:5919]
7f03a0dae000-7f03a1077000 r--p 00000000 08:05 12978762                   /usr/lib/locale/locale-archive
7f03a1077000-7f03a107a000 ---p 00000000 00:00 0 
7f03a107a000-7f03a1178000 rw-p 00000000 00:00 0                          [stack:5918]
7f03a1178000-7f03a117b000 ---p 00000000 00:00 0 
7f03a117b000-7f03a1279000 rw-p 00000000 00:00 0                          [stack:5917]
7f03a1279000-7f03a127a000 ---p 00000000 00:00 0 
7f03a127a000-7f03a22ec000 rw-p 00000000 00:00 0                          [stack:5916]
7f03a22ec000-7f03a24b9000 r--s 03bd3000 08:05 12983858                   /usr/lib/jvm/java-8-openjdk-amd64/jre/lib/rt.jar
7f03a24b9000-7f03a4ace000 rw-p 00000000 00:00 0 
7f03a4ace000-7f03a4acf000 ---p 00000000 00:00 0 
7f03a4acf000-7f03a4bcf000 rw-p 00000000 00:00 0                          [stack:5915]
7f03a4bcf000-7f03a4bd0000 ---p 00000000 00:00 0 
7f03a4bd0000-7f03a4cd0000 rw-p 00000000 00:00 0                          [stack:5914]
7f03a4cd0000-7f03a4cd1000 ---p 00000000 00:00 0 
7f03a4cd1000-7f03a4dd1000 rw-p 00000000 00:00 0                          [stack:5913]
7f03a4dd1000-7f03a4dd2000 ---p 00000000 00:00 0 
7f03a4dd2000-7f03a4ee6000 rw-p 00000000 00:00 0                          [stack:5912]
7f03a4ee6000-7f03a5000000 ---p 00000000 00:00 0 
7f03a5000000-7f03a5270000 rwxp 00000000 00:00 0 
7f03a5270000-7f03b4000000 ---p 00000000 00:00 0 
7f03b4000000-7f03b4515000 rw-p 00000000 00:00 0 
7f03b4515000-7f03b8000000 ---p 00000000 00:00 0 
7f03b8000000-7f03b8004000 r--s 000dc000 08:05 5505211                    /home/selithey/workspace1/provenance-rewriter-prototype/javalib/jna-4.1.0.jar
7f03b8004000-7f03b801e000 r--s 001d3000 08:05 12983833                   /usr/lib/jvm/java-8-openjdk-amd64/jre/lib/ext/nashorn.jar
7f03b801e000-7f03b80f5000 rw-p 00000000 00:00 0 
7f03b80f5000-7f03b820f000 ---p 00000000 00:00 0 
7f03b820f000-7f03b8219000 rw-p 00000000 00:00 0 
7f03b8219000-7f03b82a6000 ---p 00000000 00:00 0 
7f03b82a6000-7f03b82b1000 rw-p 00000000 00:00 0 
7f03b82b1000-7f03b8667000 ---p 00000000 00:00 0 
7f03b8667000-7f03b866f000 r-xp 00000000 08:05 12983597                   /usr/lib/jvm/java-8-openjdk-amd64/jre/lib/amd64/libzip.so
7f03b866f000-7f03b886e000 ---p 00008000 08:05 12983597                   /usr/lib/jvm/java-8-openjdk-amd64/jre/lib/amd64/libzip.so
7f03b886e000-7f03b886f000 r--p 00007000 08:05 12983597                   /usr/lib/jvm/java-8-openjdk-amd64/jre/lib/amd64/libzip.so
7f03b886f000-7f03b8870000 rw-p 00008000 08:05 12983597                   /usr/lib/jvm/java-8-openjdk-amd64/jre/lib/amd64/libzip.so
7f03b8870000-7f03b887c000 r-xp 00000000 08:05 12587191                   /lib/x86_64-linux-gnu/libnss_files-2.21.so
7f03b887c000-7f03b8a7b000 ---p 0000c000 08:05 12587191                   /lib/x86_64-linux-gnu/libnss_files-2.21.so
7f03b8a7b000-7f03b8a7c000 r--p 0000b000 08:05 12587191                   /lib/x86_64-linux-gnu/libnss_files-2.21.so
7f03b8a7c000-7f03b8a7d000 rw-p 0000c000 08:05 12587191                   /lib/x86_64-linux-gnu/libnss_files-2.21.so
7f03b8a7d000-7f03b8a88000 r-xp 00000000 08:05 12587195                   /lib/x86_64-linux-gnu/libnss_nis-2.21.so
7f03b8a88000-7f03b8c87000 ---p 0000b000 08:05 12587195                   /lib/x86_64-linux-gnu/libnss_nis-2.21.so
7f03b8c87000-7f03b8c88000 r--p 0000a000 08:05 12587195                   /lib/x86_64-linux-gnu/libnss_nis-2.21.so
7f03b8c88000-7f03b8c89000 rw-p 0000b000 08:05 12587195                   /lib/x86_64-linux-gnu/libnss_nis-2.21.so
7f03b8c89000-7f03b8ca0000 r-xp 00000000 08:05 12587185                   /lib/x86_64-linux-gnu/libnsl-2.21.so
7f03b8ca0000-7f03b8e9f000 ---p 00017000 08:05 12587185                   /lib/x86_64-linux-gnu/libnsl-2.21.so
7f03b8e9f000-7f03b8ea0000 r--p 00016000 08:05 12587185                   /lib/x86_64-linux-gnu/libnsl-2.21.so
7f03b8ea0000-7f03b8ea1000 rw-p 00017000 08:05 12587185                   /lib/x86_64-linux-gnu/libnsl-2.21.so
7f03b8ea1000-7f03b8ea3000 rw-p 00000000 00:00 0 
7f03b8ea3000-7f03b8eab000 r-xp 00000000 08:05 12587187                   /lib/x86_64-linux-gnu/libnss_compat-2.21.so
7f03b8eab000-7f03b90aa000 ---p 00008000 08:05 12587187                   /lib/x86_64-linux-gnu/libnss_compat-2.21.so
7f03b90aa000-7f03b90ab000 r--p 00007000 08:05 12587187                   /lib/x86_64-linux-gnu/libnss_compat-2.21.so
7f03b90ab000-7f03b90ac000 rw-p 00008000 08:05 12587187                   /lib/x86_64-linux-gnu/libnss_compat-2.21.so
7f03b90ac000-7f03b90da000 r-xp 00000000 08:05 12983594                   /usr/lib/jvm/java-8-openjdk-amd64/jre/lib/amd64/libjava.so
7f03b90da000-7f03b92d9000 ---p 0002e000 08:05 12983594                   /usr/lib/jvm/java-8-openjdk-amd64/jre/lib/amd64/libjava.so
7f03b92d9000-7f03b92da000 r--p 0002d000 08:05 12983594                   /usr/lib/jvm/java-8-openjdk-amd64/jre/lib/amd64/libjava.so
7f03b92da000-7f03b92dc000 rw-p 0002e000 08:05 12983594                   /usr/lib/jvm/java-8-openjdk-amd64/jre/lib/amd64/libjava.so
7f03b92dc000-7f03b92eb000 r-xp 00000000 08:05 12983801                   /usr/lib/jvm/java-8-openjdk-amd64/jre/lib/amd64/libverify.so
7f03b92eb000-7f03b94eb000 ---p 0000f000 08:05 12983801                   /usr/lib/jvm/java-8-openjdk-amd64/jre/lib/amd64/libverify.so
7f03b94eb000-7f03b94ee000 r--p 0000f000 08:05 12983801                   /usr/lib/jvm/java-8-openjdk-amd64/jre/lib/amd64/libverify.so
7f03b94ee000-7f03b94ef000 rw-p 00012000 08:05 12983801                   /usr/lib/jvm/java-8-openjdk-amd64/jre/lib/amd64/libverify.so
7f03b94ef000-7f03b94f6000 r-xp 00000000 08:05 12587240                   /lib/x86_64-linux-gnu/librt-2.21.so
7f03b94f6000-7f03b96f5000 ---p 00007000 08:05 12587240                   /lib/x86_64-linux-gnu/librt-2.21.so
7f03b96f5000-7f03b96f6000 r--p 00006000 08:05 12587240                   /lib/x86_64-linux-gnu/librt-2.21.so
7f03b96f6000-7f03b96f7000 rw-p 00007000 08:05 12587240                   /lib/x86_64-linux-gnu/librt-2.21.so
7f03b96f7000-7f03b970d000 r-xp 00000000 08:05 12587135                   /lib/x86_64-linux-gnu/libgcc_s.so.1
7f03b970d000-7f03b990c000 ---p 00016000 08:05 12587135                   /lib/x86_64-linux-gnu/libgcc_s.so.1
7f03b990c000-7f03b990d000 rw-p 00015000 08:05 12587135                   /lib/x86_64-linux-gnu/libgcc_s.so.1
7f03b990d000-7f03b9a14000 r-xp 00000000 08:05 12587164                   /lib/x86_64-linux-gnu/libm-2.21.so
7f03b9a14000-7f03b9c13000 ---p 00107000 08:05 12587164                   /lib/x86_64-linux-gnu/libm-2.21.so
7f03b9c13000-7f03b9c14000 r--p 00106000 08:05 12587164                   /lib/x86_64-linux-gnu/libm-2.21.so
7f03b9c14000-7f03b9c15000 rw-p 00107000 08:05 12587164                   /lib/x86_64-linux-gnu/libm-2.21.so
7f03b9c15000-7f03b9d05000 r-xp 00000000 08:05 12982211                   /usr/lib/x86_64-linux-gnu/libstdc++.so.6.0.20
7f03b9d05000-7f03b9f05000 ---p 000f0000 08:05 12982211                   /usr/lib/x86_64-linux-gnu/libstdc++.so.6.0.20
7f03b9f05000-7f03b9f0d000 r--p 000f0000 08:05 12982211                   /usr/lib/x86_64-linux-gnu/libstdc++.so.6.0.20
7f03b9f0d000-7f03b9f0f000 rw-p 000f8000 08:05 12982211                   /usr/lib/x86_64-linux-gnu/libstdc++.so.6.0.20
7f03b9f0f000-7f03b9f24000 rw-p 00000000 00:00 0 
7f03b9f24000-7f03babb1000 r-xp 00000000 08:05 12983813                   /usr/lib/jvm/java-8-openjdk-amd64/jre/lib/amd64/server/libjvm.so
7f03babb1000-7f03badb1000 ---p 00c8d000 08:05 12983813                   /usr/lib/jvm/java-8-openjdk-amd64/jre/lib/amd64/server/libjvm.so
7f03badb1000-7f03bae54000 r--p 00c8d000 08:05 12983813                   /usr/lib/jvm/java-8-openjdk-amd64/jre/lib/amd64/server/libjvm.so
7f03bae54000-7f03bae7d000 rw-p 00d30000 08:05 12983813                   /usr/lib/jvm/java-8-openjdk-amd64/jre/lib/amd64/server/libjvm.so
7f03bae7d000-7f03baeac000 rw-p 00000000 00:00 0 
7f03baeac000-7f03baec4000 r-xp 00000000 08:05 12587232                   /lib/x86_64-linux-gnu/libpthread-2.21.so
7f03baec4000-7f03bb0c4000 ---p 00018000 08:05 12587232                   /lib/x86_64-linux-gnu/libpthread-2.21.so
7f03bb0c4000-7f03bb0c5000 r--p 00018000 08:05 12587232                   /lib/x86_64-linux-gnu/libpthread-2.21.so
7f03bb0c5000-7f03bb0c6000 rw-p 00019000 08:05 12587232                   /lib/x86_64-linux-gnu/libpthread-2.21.so
7f03bb0c6000-7f03bb0ca000 rw-p 00000000 00:00 0 
7f03bb0ca000-7f03bb0cd000 r-xp 00000000 08:05 12587123                   /lib/x86_64-linux-gnu/libdl-2.21.so
7f03bb0cd000-7f03bb2cc000 ---p 00003000 08:05 12587123                   /lib/x86_64-linux-gnu/libdl-2.21.so
7f03bb2cc000-7f03bb2cd000 r--p 00002000 08:05 12587123                   /lib/x86_64-linux-gnu/libdl-2.21.so
7f03bb2cd000-7f03bb2ce000 rw-p 00003000 08:05 12587123                   /lib/x86_64-linux-gnu/libdl-2.21.so
7f03bb2ce000-7f03bb2e7000 r-xp 00000000 08:05 12587272                   /lib/x86_64-linux-gnu/libz.so.1.2.8
7f03bb2e7000-7f03bb4e7000 ---p 00019000 08:05 12587272                   /lib/x86_64-linux-gnu/libz.so.1.2.8
7f03bb4e7000-7f03bb4e8000 r--p 00019000 08:05 12587272                   /lib/x86_64-linux-gnu/libz.so.1.2.8
7f03bb4e8000-7f03bb4e9000 rw-p 0001a000 08:05 12587272                   /lib/x86_64-linux-gnu/libz.so.1.2.8
7f03bb4e9000-7f03bb6a9000 r-xp 00000000 08:05 12587108                   /lib/x86_64-linux-gnu/libc-2.21.so
7f03bb6a9000-7f03bb8a9000 ---p 001c0000 08:05 12587108                   /lib/x86_64-linux-gnu/libc-2.21.so
7f03bb8a9000-7f03bb8ad000 r--p 001c0000 08:05 12587108                   /lib/x86_64-linux-gnu/libc-2.21.so
7f03bb8ad000-7f03bb8af000 rw-p 001c4000 08:05 12587108                   /lib/x86_64-linux-gnu/libc-2.21.so
7f03bb8af000-7f03bb8b3000 rw-p 00000000 00:00 0 
7f03bb8b3000-7f03bb8c1000 r-xp 00000000 08:05 12983820                   /usr/lib/jvm/java-8-openjdk-amd64/jre/lib/amd64/jli/libjli.so
7f03bb8c1000-7f03bbac0000 ---p 0000e000 08:05 12983820                   /usr/lib/jvm/java-8-openjdk-amd64/jre/lib/amd64/jli/libjli.so
7f03bbac0000-7f03bbac1000 r--p 0000d000 08:05 12983820                   /usr/lib/jvm/java-8-openjdk-amd64/jre/lib/amd64/jli/libjli.so
7f03bbac1000-7f03bbac2000 rw-p 0000e000 08:05 12983820                   /usr/lib/jvm/java-8-openjdk-amd64/jre/lib/amd64/jli/libjli.so
7f03bbac2000-7f03bbae6000 r-xp 00000000 08:05 12587082                   /lib/x86_64-linux-gnu/ld-2.21.so
7f03bbae6000-7f03bbae7000 rwxp 00000000 00:00 0 
7f03bbae7000-7f03bbae9000 r--s 00003000 08:05 5505251                    /home/selithey/workspace1/provenance-rewriter-prototype/javatestlib/slf4j-api-1.5.2.jar
7f03bbae9000-7f03bbaeb000 r--s 00006000 08:05 3075                       /usr/share/java/java-atk-wrapper.jar
7f03bbaeb000-7f03bbaee000 r--s 00037000 08:05 12983840                   /usr/lib/jvm/java-8-openjdk-amd64/jre/lib/ext/sunpkcs11.jar
7f03bbaee000-7f03bbbc5000 rw-p 00000000 00:00 0 
7f03bbbc5000-7f03bbbc8000 ---p 00000000 00:00 0 
7f03bbbc8000-7f03bbccb000 rw-p 00000000 00:00 0                          [stack:5907]
7f03bbccb000-7f03bbccc000 r--s 00001000 08:05 5505252                    /home/selithey/workspace1/provenance-rewriter-prototype/javatestlib/slf4j-simple-1.5.2.jar
7f03bbccc000-7f03bbcd2000 r--s 0003a000 08:05 12983837                   /usr/lib/jvm/java-8-openjdk-amd64/jre/lib/ext/sunjce_provider.jar
7f03bbcd2000-7f03bbcd3000 r--s 00008000 08:05 12983834                   /usr/lib/jvm/java-8-openjdk-amd64/jre/lib/ext/sunec.jar
7f03bbcd3000-7f03bbcd6000 r--s 0000f000 08:05 12983839                   /usr/lib/jvm/java-8-openjdk-amd64/jre/lib/ext/icedtea-sound.jar
7f03bbcd6000-7f03bbcd7000 r--s 00010000 08:05 12983836                   /usr/lib/jvm/java-8-openjdk-amd64/jre/lib/ext/zipfs.jar
7f03bbcd7000-7f03bbcd9000 r--s 00001000 08:05 12983838                   /usr/lib/jvm/java-8-openjdk-amd64/jre/lib/ext/dnsns.jar
7f03bbcd9000-7f03bbce1000 rw-s 00000000 08:05 8781850                    /tmp/hsperfdata_selithey/5906
7f03bbce1000-7f03bbce2000 rw-p 00000000 00:00 0 
7f03bbce2000-7f03bbce3000 ---p 00000000 00:00 0 
7f03bbce3000-7f03bbce5000 rw-p 00000000 00:00 0 
7f03bbce5000-7f03bbce6000 r--p 00023000 08:05 12587082                   /lib/x86_64-linux-gnu/ld-2.21.so
7f03bbce6000-7f03bbce7000 rw-p 00024000 08:05 12587082                   /lib/x86_64-linux-gnu/ld-2.21.so
7f03bbce7000-7f03bbce8000 rw-p 00000000 00:00 0 
7fff62ad6000-7fff62af7000 rw-p 00000000 00:00 0                          [stack]
7fff62bc0000-7fff62bc2000 r--p 00000000 00:00 0                          [vvar]
7fff62bc2000-7fff62bc4000 r-xp 00000000 00:00 0                          [vdso]
ffffffffff600000-ffffffffff601000 r-xp 00000000 00:00 0                  [vsyscall]

VM Arguments:
jvm_args: -Dfile.encoding=UTF-8 
java_command: org.gprom.jdbc.test.Test
java_class_path (initial): /home/selithey/workspace1/provenance-rewriter-prototype/javabin:/home/selithey/workspace1/provenance-rewriter-prototype/javalib/log4j-1.2.15.jar:/home/selithey/workspace1/provenance-rewriter-prototype/javalib/postgresql-8.1-404.jdbc3.jar:/home/selithey/workspace1/provenance-rewriter-prototype/javalib/jna-4.1.0.jar:/home/selithey/workspace1/provenance-rewriter-prototype/javalib:/usr/local/lib:/home/selithey/workspace1/provenance-rewriter-prototype/javalib/ojdbc7.jar:/home/selithey/workspace1/provenance-rewriter-prototype/javatestlib/dbunit.jar:/home/selithey/workspace1/provenance-rewriter-prototype/javatestlib/junit-4.5.jar:/home/selithey/workspace1/provenance-rewriter-prototype/javatestlib/postgresql-8.0-317.jdbc3.jar:/home/selithey/workspace1/provenance-rewriter-prototype/javatestlib/slf4j-api-1.5.2.jar:/home/selithey/workspace1/provenance-rewriter-prototype/javatestlib/slf4j-simple-1.5.2.jar:/home/selithey/workspace1/provenance-rewriter-prototype/build/gprom-jdbc-test.jar:/home/selithey/workspace1/provenance-rewriter-prototype/jdbcbuild/lib/hsqldb.jar:/home/selithey/workspace1/provenance-rewriter-prototype/jdbcbuild/lib/postgresql-8.1-404.jdbc3.jar:/home/selithey/workspace1/provenance-rewriter-prototype/jdbcbuild/lib/log4j-1.2.15.jar:/home/selithey/workspace1/provenance-rewriter-prototype/jdbcbuild/lib:/home/selithey/workspace1/provenance-rewriter-prototype/jdbcbuild/gpromjdbc.jar:/home/selithey/workspace1/provenance-rewriter-prototype/javalib/jnaerator-0.12.jar:/home/selithey/workspace1/provenance-rewriter-prototype/ant/one-jar-ant-task-0.97.jar
Launcher Type: SUN_STANDARD

Environment Variables:
PATH=/usr/local/sbin:/usr/local/bin:/usr/sbin:/usr/bin:/sbin:/bin:/usr/games:/usr/local/games
SHELL=/bin/bash
DISPLAY=:0.0

Signal Handlers:
SIGSEGV: [libjvm.so+0xa90d80], sa_mask[0]=11111111011111111101111111111110, sa_flags=SA_RESTART, flags was changed from 0x10000004, consider using jsig library
SIGBUS: [libjvm.so+0xa90d80], sa_mask[0]=11111111011111111101111111111110, sa_flags=SA_RESTART, flags was changed from 0x10000004, consider using jsig library
SIGFPE: [libjvm.so+0x8dbc70], sa_mask[0]=11111111011111111101111111111110, sa_flags=SA_RESTART|SA_SIGINFO
SIGPIPE: [libjvm.so+0x8dbc70], sa_mask[0]=11111111011111111101111111111110, sa_flags=SA_RESTART|SA_SIGINFO
SIGXFSZ: [libjvm.so+0x8dbc70], sa_mask[0]=11111111011111111101111111111110, sa_flags=SA_RESTART|SA_SIGINFO
SIGILL: [libgprom.so+0x19857], sa_mask[0]=00010000000000000000000000000000, sa_flags=SA_RESTART
SIGUSR1: SIG_DFL, sa_mask[0]=00000000000000000000000000000000, sa_flags=none
SIGUSR2: [libjvm.so+0x8dbb20], sa_mask[0]=00100000000000000000000000000000, sa_flags=SA_RESTART|SA_SIGINFO
SIGHUP: [libjvm.so+0x8dbd40], sa_mask[0]=11111111011111111101111111111110, sa_flags=SA_RESTART|SA_SIGINFO
SIGINT: [libjvm.so+0x8dbd40], sa_mask[0]=11111111011111111101111111111110, sa_flags=SA_RESTART|SA_SIGINFO
SIGTERM: [libjvm.so+0x8dbd40], sa_mask[0]=11111111011111111101111111111110, sa_flags=SA_RESTART|SA_SIGINFO
SIGQUIT: [libjvm.so+0x8dbd40], sa_mask[0]=11111111011111111101111111111110, sa_flags=SA_RESTART|SA_SIGINFO


---------------  S Y S T E M  ---------------

OS:DISTRIB_ID=Ubuntu
DISTRIB_RELEASE=15.04
DISTRIB_CODENAME=vivid
DISTRIB_DESCRIPTION="Ubuntu 15.04"

uname:Linux 3.19.0-22-generic #22-Ubuntu SMP Tue Jun 16 17:15:15 UTC 2015 x86_64
libc:glibc 2.21 NPTL 2.21 
rlimit: STACK 8192k, CORE 0k, NPROC 14386, NOFILE 65536, AS infinity
load average:0.66 0.54 0.38

/proc/meminfo:
MemTotal:        3705108 kB
MemFree:         1391740 kB
MemAvailable:    1799620 kB
Buffers:           39400 kB
Cached:           654248 kB
SwapCached:        31364 kB
Active:          1391220 kB
Inactive:         791196 kB
Active(anon):    1141672 kB
Inactive(anon):   481632 kB
Active(file):     249548 kB
Inactive(file):   309564 kB
Unevictable:          32 kB
Mlocked:              32 kB
SwapTotal:       3846140 kB
SwapFree:        3797216 kB
Dirty:                52 kB
Writeback:             0 kB
AnonPages:       1462776 kB
Mapped:           271472 kB
Shmem:            134536 kB
Slab:              61668 kB
SReclaimable:      35408 kB
SUnreclaim:        26260 kB
KernelStack:        7968 kB
PageTables:        30668 kB
NFS_Unstable:          0 kB
Bounce:                0 kB
WritebackTmp:          0 kB
CommitLimit:     5698692 kB
Committed_AS:    4227976 kB
VmallocTotal:   34359738367 kB
VmallocUsed:      349572 kB
VmallocChunk:   34359381044 kB
HardwareCorrupted:     0 kB
AnonHugePages:    536576 kB
CmaTotal:              0 kB
CmaFree:               0 kB
HugePages_Total:       0
HugePages_Free:        0
HugePages_Rsvd:        0
HugePages_Surp:        0
Hugepagesize:       2048 kB
DirectMap4k:      135664 kB
DirectMap2M:     3713024 kB


CPU:total 4 (2 cores per cpu, 2 threads per core) family 6 model 37 stepping 2, cmov, cx8, fxsr, mmx, sse, sse2, sse3, ssse3, sse4.1, sse4.2, popcnt, ht, tsc, tscinvbit

/proc/cpuinfo:
processor	: 0
vendor_id	: GenuineIntel
cpu family	: 6
model		: 37
model name	: Intel(R) Core(TM) i3 CPU       M 330  @ 2.13GHz
stepping	: 2
microcode	: 0xc
cpu MHz		: 2133.000
cache size	: 3072 KB
physical id	: 0
siblings	: 4
core id		: 0
cpu cores	: 2
apicid		: 0
initial apicid	: 0
fpu		: yes
fpu_exception	: yes
cpuid level	: 11
wp		: yes
flags		: fpu vme de pse tsc msr pae mce cx8 apic sep mtrr pge mca cmov pat pse36 clflush dts acpi mmx fxsr sse sse2 ss ht tm pbe syscall nx rdtscp lm constant_tsc arch_perfmon pebs bts rep_good nopl xtopology nonstop_tsc aperfmperf pni dtes64 monitor ds_cpl vmx est tm2 ssse3 cx16 xtpr pdcm sse4_1 sse4_2 popcnt lahf_lm arat dtherm tpr_shadow vnmi flexpriority ept vpid
bugs		:
bogomips	: 4255.96
clflush size	: 64
cache_alignment	: 64
address sizes	: 36 bits physical, 48 bits virtual
power management:

processor	: 1
vendor_id	: GenuineIntel
cpu family	: 6
model		: 37
model name	: Intel(R) Core(TM) i3 CPU       M 330  @ 2.13GHz
stepping	: 2
microcode	: 0xc
cpu MHz		: 2133.000
cache size	: 3072 KB
physical id	: 0
siblings	: 4
core id		: 2
cpu cores	: 2
apicid		: 4
initial apicid	: 4
fpu		: yes
fpu_exception	: yes
cpuid level	: 11
wp		: yes
flags		: fpu vme de pse tsc msr pae mce cx8 apic sep mtrr pge mca cmov pat pse36 clflush dts acpi mmx fxsr sse sse2 ss ht tm pbe syscall nx rdtscp lm constant_tsc arch_perfmon pebs bts rep_good nopl xtopology nonstop_tsc aperfmperf pni dtes64 monitor ds_cpl vmx est tm2 ssse3 cx16 xtpr pdcm sse4_1 sse4_2 popcnt lahf_lm arat dtherm tpr_shadow vnmi flexpriority ept vpid
bugs		:
bogomips	: 4255.96
clflush size	: 64
cache_alignment	: 64
address sizes	: 36 bits physical, 48 bits virtual
power management:

processor	: 2
vendor_id	: GenuineIntel
cpu family	: 6
model		: 37
model name	: Intel(R) Core(TM) i3 CPU       M 330  @ 2.13GHz
stepping	: 2
microcode	: 0xc
cpu MHz		: 2133.000
cache size	: 3072 KB
physical id	: 0
siblings	: 4
core id		: 0
cpu cores	: 2
apicid		: 1
initial apicid	: 1
fpu		: yes
fpu_exception	: yes
cpuid level	: 11
wp		: yes
flags		: fpu vme de pse tsc msr pae mce cx8 apic sep mtrr pge mca cmov pat pse36 clflush dts acpi mmx fxsr sse sse2 ss ht tm pbe syscall nx rdtscp lm constant_tsc arch_perfmon pebs bts rep_good nopl xtopology nonstop_tsc aperfmperf pni dtes64 monitor ds_cpl vmx est tm2 ssse3 cx16 xtpr pdcm sse4_1 sse4_2 popcnt lahf_lm arat dtherm tpr_shadow vnmi flexpriority ept vpid
bugs		:
bogomips	: 4255.96
clflush size	: 64
cache_alignment	: 64
address sizes	: 36 bits physical, 48 bits virtual
power management:

processor	: 3
vendor_id	: GenuineIntel
cpu family	: 6
model		: 37
model name	: Intel(R) Core(TM) i3 CPU       M 330  @ 2.13GHz
stepping	: 2
microcode	: 0xc
cpu MHz		: 2133.000
cache size	: 3072 KB
physical id	: 0
siblings	: 4
core id		: 2
cpu cores	: 2
apicid		: 5
initial apicid	: 5
fpu		: yes
fpu_exception	: yes
cpuid level	: 11
wp		: yes
flags		: fpu vme de pse tsc msr pae mce cx8 apic sep mtrr pge mca cmov pat pse36 clflush dts acpi mmx fxsr sse sse2 ss ht tm pbe syscall nx rdtscp lm constant_tsc arch_perfmon pebs bts rep_good nopl xtopology nonstop_tsc aperfmperf pni dtes64 monitor ds_cpl vmx est tm2 ssse3 cx16 xtpr pdcm sse4_1 sse4_2 popcnt lahf_lm arat dtherm tpr_shadow vnmi flexpriority ept vpid
bugs		:
bogomips	: 4255.96
clflush size	: 64
cache_alignment	: 64
address sizes	: 36 bits physical, 48 bits virtual
power management:



Memory: 4k page, physical 3705108k(1391740k free), swap 3846140k(3797216k free)

vm_info: OpenJDK 64-Bit Server VM (25.45-b02) for linux-amd64 JRE (1.8.0_45-internal-b14), built on Apr 20 2015 00:35:04 by "buildd" with gcc 4.9.2

time: Wed Jul 15 11:16:44 2015
elapsed time: 0 seconds (0d 0h 0m 0s)

